#
# A fatal error has been detected by the Java Runtime Environment:
#
#  SIGSEGV (0xb) at pc=0x00007f2f82228a39, pid=537047, tid=537072
#
# JRE version: OpenJDK Runtime Environment Temurin-17.0.2+8 (17.0.2+8) (build 17.0.2+8)
# Java VM: OpenJDK 64-Bit Server VM Temurin-17.0.2+8 (17.0.2+8, mixed mode, tiered, compressed oops, compressed class ptrs, g1 gc, linux-amd64)
# Problematic frame:
# V  [libjvm.so+0xea0a39]  Symbol::as_C_string() const+0x9
#
# Core dump will be written. Default location: Core dumps may be processed with "/usr/share/apport/apport -p%p -s%s -c%c -d%d -P%P -u%u -g%g -- %E" (or dumping to /home/local/ZOHOCORP/pranav-pt5073/eclipse-workspace/taskapp/core.537047)
#
# If you would like to submit a bug report, please visit:
#   https://github.com/adoptium/adoptium-support/issues
#

---------------  S U M M A R Y ------------

Command Line: -XX:+ShowCodeDetailsInExceptionMessages -agentlib:jdwp=transport=dt_socket,suspend=y,address=localhost:36931 -javaagent:/home/local/ZOHOCORP/pranav-pt5073/eclipse/jee-2021-12/eclipse/configuration/org.eclipse.osgi/416/0/.cp/lib/javaagent-shaded.jar -Dfile.encoding=UTF-8 com.onebox.onebox.OneboxApplication

Host: 11th Gen Intel(R) Core(TM) i7-1185G7 @ 3.00GHz, 8 cores, 15G, Ubuntu 20.04.6 LTS
Time: Fri Jan  5 13:18:38 2024 IST elapsed time: 4341.331787 seconds (0d 1h 12m 21s)

---------------  T H R E A D  ---------------

Current thread (0x00007f2f7c2fb5b0):  JavaThread "JDWP Transport Listener: dt_socket" daemon [_thread_in_vm, id=537072, stack(0x00007f2f3ef81000,0x00007f2f3f082000)]

Stack: [0x00007f2f3ef81000,0x00007f2f3f082000],  sp=0x00007f2f3f080940,  free space=1022k
Native frames: (J=compiled Java code, j=interpreted, Vv=VM code, C=native code)
V  [libjvm.so+0xea0a39]  Symbol::as_C_string() const+0x9
V  [libjvm.so+0xa1e894]  JvmtiEnv::GetClassSignature(oopDesc*, char**, char**)+0x114
V  [libjvm.so+0x9d4079]  jvmti_GetClassSignature+0x1d9
C  [libjdwp.so+0x2c2df]  classSignature+0x3f
C  [libjdwp.so+0xc896]  allClasses1.isra.3.part.4+0x166
C  [libjdwp.so+0xd883]  allClassesWithGeneric+0x23
C  [libjdwp.so+0x12ec5]  debugLoop_run+0x1f5
C  [libjdwp.so+0x26123]  attachThread+0x33
V  [libjvm.so+0xa3af45]  JvmtiAgentThread::start_function_wrapper(JavaThread*, JavaThread*)+0x85
V  [libjvm.so+0xf02e80]  JavaThread::thread_main_inner()+0x180
V  [libjvm.so+0xf062e2]  Thread::call_run()+0xe2
V  [libjvm.so+0xc40b81]  thread_native_entry(Thread*)+0xe1


siginfo: si_signo: 11 (SIGSEGV), si_code: 1 (SEGV_MAPERR), si_addr: 0x00000000002a002d

Register to memory mapping:

RAX=0x0000000000000028 is an unknown value
RBX=0x00007f2f2c021d10 points into unknown readable memory: 0x0000000000000000 | 00 00 00 00 00 00 00 00
RCX=0x00007f2edd88d068 is pointing into metadata
RDX=0x0000000000000028 is an unknown value
RSP=0x00007f2f3f080940 is pointing into the stack for thread: 0x00007f2f7c2fb5b0
RBP=0x00007f2f3f080950 is pointing into the stack for thread: 0x00007f2f7c2fb5b0
RSI=0x0 is NULL
RDI=0x00000000002a0029 is an unknown value
R8 =0x00007f2f140050f0 points into unknown readable memory: 0x656e6f2f6d6f634c | 4c 63 6f 6d 2f 6f 6e 65
R9 =0x0000000000000028 is an unknown value
R10=0x0000000000000026 is an unknown value
R11=0x00007f2f2c021d20 points into unknown readable memory: 0x62656e6f2f6d6f63 | 63 6f 6d 2f 6f 6e 65 62
R12=0x0000000800360bb0 is a pointer to class: 
com.onebox.onebox.services.TaskService {0x0000000800360bb0}
 - instance size:     4
 - klass size:        72
 - access:            public synchronized 
 - state:             fully_initialized
 - name:              'com/onebox/onebox/services/TaskService'
 - super:             'com/onebox/onebox/services/BaseService'
 - sub:               'com/onebox/onebox/services/TaskService$$SpringCGLIB$$0'   
 - arrays:            NULL
 - methods:           Array<T>(0x00007f2edd404c18)
 - method ordering:   Array<T>(0x00007f2edd9f2ee8)
 - default_methods:   Array<T>(0x0000000000000000)
 - local interfaces:  Array<T>(0x00007f2f5c400058)
 - trans. interfaces: Array<T>(0x00007f2f5c400058)
 - constants:         constant pool [71] {0x00007f2edd88d068} for 'com/onebox/onebox/services/TaskService' cache=0x00007f2edd8989d0
 - class loader data:  loader data: 0x00007f2f7c2ba7e0 for instance a 'jdk/internal/loader/ClassLoaders$AppClassLoader'{0x000000070a474600}
 - source file:       'TaskService.java'
 - source debug extension:       SMAP
TaskService.java
Java
*S jdt
*F
1 TaskService.java
2 file:/home/local/ZOHOCORP/pranav-pt5073/eclipse-workspace/taskapp/target/classes/
*L
*E

 - class annotations:       Array<T>(0x00007f2edd874460)
 - class type annotations:  Array<T>(0x0000000000000000)
 - field annotations:       Array<T>(0x0000000000000000)
 - field type annotations:  Array<T>(0x0000000000000000)
 - generic signature: '
[error occurred during error reporting (printing register info), id 0xb, SIGSEGV (0xb) at pc=0x00007f2f8222a188]

Registers:
RAX=0x0000000000000028, RBX=0x00007f2f2c021d10, RCX=0x00007f2edd88d068, RDX=0x0000000000000028
RSP=0x00007f2f3f080940, RBP=0x00007f2f3f080950, RSI=0x0000000000000000, RDI=0x00000000002a0029
R8 =0x00007f2f140050f0, R9 =0x0000000000000028, R10=0x0000000000000026, R11=0x00007f2f2c021d20
R12=0x0000000800360bb0, R13=0x00007f2f3f080ac8, R14=0x0000000800360bb0, R15=0x00007f2f7c2fb3f0
RIP=0x00007f2f82228a39, EFLAGS=0x0000000000010246, CSGSFS=0x002b000000000033, ERR=0x0000000000000004
  TRAPNO=0x000000000000000e

Top of Stack: (sp=0x00007f2f3f080940)
0x00007f2f3f080940:   00007f2f2c021d10 0000000800360bb0
0x00007f2f3f080950:   00007f2f3f0809c0 00007f2f81da6894
0x00007f2f3f080960:   00007f2f2c021d50 00000000000003d8
0x00007f2f3f080970:   00007f2f7c018b10 00007f2f2c0220f8 

Instructions: (pc=0x00007f2f82228a39)
0x00007f2f82228939:   41 0f 11 04 09 48 83 c1 10 41 39 fb 77 e9 89 d9
0x00007f2f82228949:   83 e1 f0 01 ca 39 cb 48 63 d2 74 13 0f 1f 00 41
0x00007f2f82228959:   0f b6 0c 10 88 0c 10 48 83 c2 01 39 d6 7f f0 48
0x00007f2f82228969:   63 f6 5b c6 04 30 00 5d c3 66 0f 1f 44 00 00 ba
0x00007f2f82228979:   02 00 00 00 eb 91 90 ba 05 00 00 00 eb 89 ba 0d
0x00007f2f82228989:   00 00 00 eb 82 66 90 31 d2 48 63 d2 0f 1f 00 41
0x00007f2f82228999:   0f b6 0c 10 88 0c 10 48 83 c2 01 39 d6 7f f0 e9
0x00007f2f822289a9:   44 ff ff ff 0f 1f 00 ba 03 00 00 00 e9 56 ff ff
0x00007f2f822289b9:   ff 66 0f 1f 44 00 00 ba 04 00 00 00 e9 46 ff ff
0x00007f2f822289c9:   ff 66 0f 1f 44 00 00 ba 06 00 00 00 e9 36 ff ff
0x00007f2f822289d9:   ff 31 d2 e9 2f ff ff ff ba 07 00 00 00 e9 25 ff
0x00007f2f822289e9:   ff ff ba 08 00 00 00 e9 1b ff ff ff ba 09 00 00
0x00007f2f822289f9:   00 e9 11 ff ff ff ba 0a 00 00 00 e9 07 ff ff ff
0x00007f2f82228a09:   ba 0b 00 00 00 e9 fd fe ff ff ba 0c 00 00 00 e9
0x00007f2f82228a19:   f3 fe ff ff ba 0e 00 00 00 e9 e9 fe ff ff 90 0f
0x00007f2f82228a29:   1f 84 00 00 00 00 00 55 31 f6 48 89 e5 41 54 53
0x00007f2f82228a39:   44 0f b7 67 04 48 89 fb 41 8d 7c 24 01 48 63 ff
0x00007f2f82228a49:   e8 d2 82 e4 ff 0f b7 73 04 44 39 e6 49 0f 4f f4
0x00007f2f82228a59:   85 f6 0f 84 8f 01 00 00 48 8d 50 10 4c 8d 43 06
0x00007f2f82228a69:   49 39 d0 48 8d 53 16 0f 93 c1 48 39 d0 0f 93 c2
0x00007f2f82228a79:   08 d1 0f 84 8f 01 00 00 83 fe 14 0f 86 86 01 00
0x00007f2f82228a89:   00 4c 89 c1 8d 7e ff 48 f7 d9 83 e1 0f 8d 51 0f
0x00007f2f82228a99:   39 d7 0f 82 af 01 00 00 85 c9 0f 84 eb 01 00 00
0x00007f2f82228aa9:   0f b6 53 06 83 f9 01 88 10 0f 84 48 01 00 00 0f
0x00007f2f82228ab9:   b6 53 07 83 f9 02 88 50 01 0f 84 78 01 00 00 0f
0x00007f2f82228ac9:   b6 53 08 83 f9 03 88 50 02 0f 84 80 01 00 00 0f
0x00007f2f82228ad9:   b6 53 09 83 f9 04 88 50 03 0f 84 80 01 00 00 0f
0x00007f2f82228ae9:   b6 53 0a 83 f9 05 88 50 04 0f 84 88 01 00 00 0f
0x00007f2f82228af9:   b6 53 0b 83 f9 06 88 50 05 0f 84 82 01 00 00 0f
0x00007f2f82228b09:   b6 53 0c 83 f9 07 88 50 06 0f 84 5a 01 00 00 0f
0x00007f2f82228b19:   b6 53 0d 83 f9 08 88 50 07 0f 84 73 01 00 00 0f
0x00007f2f82228b29:   b6 53 0e 83 f9 09 88 50 08 0f 84 6d 01 00 00 0f 


Stack slot to memory mapping:
stack at sp + 0 slots: 0x00007f2f2c021d10 points into unknown readable memory: 0x0000000000000000 | 00 00 00 00 00 00 00 00
stack at sp + 1 slots: 0x0000000800360bb0 is a pointer to class: 
com.onebox.onebox.services.TaskService {0x0000000800360bb0}
 - instance size:     4
 - klass size:        72
 - access:            public synchronized 
 - state:             fully_initialized
 - name:              'com/onebox/onebox/services/TaskService'
 - super:             'com/onebox/onebox/services/BaseService'
 - sub:               'com/onebox/onebox/services/TaskService$$SpringCGLIB$$0'   
 - arrays:            NULL
 - methods:           Array<T>(0x00007f2edd404c18)
 - method ordering:   Array<T>(0x00007f2edd9f2ee8)
 - default_methods:   Array<T>(0x0000000000000000)
 - local interfaces:  Array<T>(0x00007f2f5c400058)
 - trans. interfaces: Array<T>(0x00007f2f5c400058)
 - constants:         constant pool [71] {0x00007f2edd88d068} for 'com/onebox/onebox/services/TaskService' cache=0x00007f2edd8989d0
 - class loader data:  loader data: 0x00007f2f7c2ba7e0 for instance a 'jdk/internal/loader/ClassLoaders$AppClassLoader'{0x000000070a474600}
 - source file:       'TaskService.java'
 - source debug extension:       SMAP
TaskService.java
Java
*S jdt
*F
1 TaskService.java
2 file:/home/local/ZOHOCORP/pranav-pt5073/eclipse-workspace/taskapp/target/classes/
*L
*E

 - class annotations:       Array<T>(0x00007f2edd874460)
 - class type annotations:  Array<T>(0x0000000000000000)
 - field annotations:       Array<T>(0x0000000000000000)
 - field type annotations:  Array<T>(0x0000000000000000)
 - generic signature: '
[error occurred during error reporting (inspecting top of stack), id 0xb, SIGSEGV (0xb) at pc=0x00007f2f8222a188]


---------------  P R O C E S S  ---------------

Threads class SMR info:
_java_thread_list=0x00007f2ec808b7b0, length=31, elements={
0x00007f2f7c1d7bc0, 0x00007f2f7c1d9220, 0x00007f2f7c207d40, 0x00007f2f7c208e20,
0x00007f2f7c1fd950, 0x00007f2f7c1fef30, 0x00007f2f7c200420, 0x00007f2f7c2018a0,
0x00007f2f7c2aef40, 0x00007f2f7c2fb5b0, 0x00007f2f7c30ec10, 0x00007f2f1c000fb0,
0x00007f2f7c71cc30, 0x00007f2f7d53d080, 0x00007f2eec007a90, 0x00007f2f7d522610,
0x00007f2f7d5d2ac0, 0x00007f2f7db9ea70, 0x00007f2f7d5fbaa0, 0x00007f2f7d5fc8d0,
0x00007f2f7d5fd610, 0x00007f2f7d5fe450, 0x00007f2f7d5ff450, 0x00007f2f7d600920,
0x00007f2f7d602010, 0x00007f2f7d603410, 0x00007f2f7d604810, 0x00007f2f7d605c10,
0x00007f2f7d60ee30, 0x00007f2f7d609eb0, 0x00007f2f7c02d770
}

Java Threads: ( => current thread )
  0x00007f2f7c1d7bc0 JavaThread "Reference Handler" daemon [_thread_blocked, id=537062, stack(0x00007f2f5c0f6000,0x00007f2f5c1f7000)]
  0x00007f2f7c1d9220 JavaThread "Finalizer" daemon [_thread_blocked, id=537063, stack(0x00007f2f3feff000,0x00007f2f40000000)]
  0x00007f2f7c207d40 JavaThread "Signal Dispatcher" daemon [_thread_blocked, id=537064, stack(0x00007f2f3f88e000,0x00007f2f3f98f000)]
  0x00007f2f7c208e20 JavaThread "Service Thread" daemon [_thread_blocked, id=537065, stack(0x00007f2f3f78d000,0x00007f2f3f88e000)]
  0x00007f2f7c1fd950 JavaThread "Monitor Deflation Thread" daemon [_thread_blocked, id=537066, stack(0x00007f2f3f68c000,0x00007f2f3f78d000)]
  0x00007f2f7c1fef30 JavaThread "C2 CompilerThread0" daemon [_thread_blocked, id=537067, stack(0x00007f2f3f58b000,0x00007f2f3f68c000)]
  0x00007f2f7c200420 JavaThread "C1 CompilerThread0" daemon [_thread_blocked, id=537068, stack(0x00007f2f3f48a000,0x00007f2f3f58b000)]
  0x00007f2f7c2018a0 JavaThread "Sweeper thread" daemon [_thread_blocked, id=537069, stack(0x00007f2f3f389000,0x00007f2f3f48a000)]
  0x00007f2f7c2aef40 JavaThread "Common-Cleaner" daemon [_thread_blocked, id=537070, stack(0x00007f2f3f288000,0x00007f2f3f389000)]
=>0x00007f2f7c2fb5b0 JavaThread "JDWP Transport Listener: dt_socket" daemon [_thread_in_vm, id=537072, stack(0x00007f2f3ef81000,0x00007f2f3f082000)]
  0x00007f2f7c30ec10 JavaThread "JDWP Event Helper Thread" daemon [_thread_blocked, id=537073, stack(0x00007f2f3ee80000,0x00007f2f3ef81000)]
  0x00007f2f1c000fb0 JavaThread "JDWP Command Reader" daemon [_thread_in_native, id=537074, stack(0x00007f2f3ed7f000,0x00007f2f3ee80000)]
  0x00007f2f7c71cc30 JavaThread "Notification Thread" daemon [_thread_blocked, id=537079, stack(0x00007f2f3e855000,0x00007f2f3e956000)]
  0x00007f2f7d53d080 JavaThread "Catalina-utility-1" [_thread_blocked, id=537098, stack(0x00007f2f3d4e0000,0x00007f2f3d5e1000)]
  0x00007f2eec007a90 JavaThread "Catalina-utility-2" [_thread_blocked, id=537099, stack(0x00007f2f3d2dd000,0x00007f2f3d3de000)]
  0x00007f2f7d522610 JavaThread "container-0" [_thread_blocked, id=537100, stack(0x00007f2edf4f8000,0x00007f2edf5f9000)]
  0x00007f2f7d5d2ac0 JavaThread "mysql-cj-abandoned-connection-cleanup" daemon [_thread_blocked, id=537101, stack(0x00007f2edf0ba000,0x00007f2edf1bb000)]
  0x00007f2f7db9ea70 JavaThread "HikariPool-1 housekeeper" daemon [_thread_blocked, id=537102, stack(0x00007f2edf1f4000,0x00007f2edf2f5000)]
  0x00007f2f7d5fbaa0 JavaThread "http-nio-8080-exec-1" daemon [_thread_blocked, id=537111, stack(0x00007f2edddfe000,0x00007f2eddeff000)]
  0x00007f2f7d5fc8d0 JavaThread "http-nio-8080-exec-2" daemon [_thread_blocked, id=537112, stack(0x00007f2eddcfd000,0x00007f2edddfe000)]
  0x00007f2f7d5fd610 JavaThread "http-nio-8080-exec-3" daemon [_thread_blocked, id=537113, stack(0x00007f2edcaff000,0x00007f2edcc00000)]
  0x00007f2f7d5fe450 JavaThread "http-nio-8080-exec-4" daemon [_thread_blocked, id=537114, stack(0x00007f2edc9fe000,0x00007f2edcaff000)]
  0x00007f2f7d5ff450 JavaThread "http-nio-8080-exec-5" daemon [_thread_blocked, id=537115, stack(0x00007f2edc8fd000,0x00007f2edc9fe000)]
  0x00007f2f7d600920 JavaThread "http-nio-8080-exec-6" daemon [_thread_blocked, id=537116, stack(0x00007f2edc7fc000,0x00007f2edc8fd000)]
  0x00007f2f7d602010 JavaThread "http-nio-8080-exec-7" daemon [_thread_blocked, id=537117, stack(0x00007f2edc6fb000,0x00007f2edc7fc000)]
  0x00007f2f7d603410 JavaThread "http-nio-8080-exec-8" daemon [_thread_blocked, id=537118, stack(0x00007f2edc5fa000,0x00007f2edc6fb000)]
  0x00007f2f7d604810 JavaThread "http-nio-8080-exec-9" daemon [_thread_blocked, id=537119, stack(0x00007f2edc4f9000,0x00007f2edc5fa000)]
  0x00007f2f7d605c10 JavaThread "http-nio-8080-exec-10" daemon [_thread_blocked, id=537120, stack(0x00007f2edc3f8000,0x00007f2edc4f9000)]
  0x00007f2f7d60ee30 JavaThread "http-nio-8080-Poller" daemon [_thread_in_native, id=537121, stack(0x00007f2edc2f7000,0x00007f2edc3f8000)]
  0x00007f2f7d609eb0 JavaThread "http-nio-8080-Acceptor" daemon [_thread_in_native, id=537122, stack(0x00007f2edc1f6000,0x00007f2edc2f7000)]
  0x00007f2f7c02d770 JavaThread "DestroyJavaVM" [_thread_blocked, id=537048, stack(0x00007f2f8112e000,0x00007f2f8122f000)]

Other Threads:
  0x00007f2f7c188410 VMThread "VM Thread" [stack: 0x00007f2f5ccf3000,0x00007f2f5cdf3000] [id=537061]
  0x00007f2f7c22af80 WatcherThread [stack: 0x00007f2f3df00000,0x00007f2f3e000000] [id=537080]
  0x00007f2f7c07c8f0 GCTaskThread "GC Thread#0" [stack: 0x00007f2f5fb22000,0x00007f2f5fc22000] [id=537056]
  0x00007f2f40005ea0 GCTaskThread "GC Thread#1" [stack: 0x00007f2f3dbef000,0x00007f2f3dcef000] [id=537082]
  0x00007f2f400068e0 GCTaskThread "GC Thread#2" [stack: 0x00007f2f3daed000,0x00007f2f3dbed000] [id=537083]
  0x00007f2f40007320 GCTaskThread "GC Thread#3" [stack: 0x00007f2f3d9eb000,0x00007f2f3daeb000] [id=537084]
  0x00007f2f40008150 GCTaskThread "GC Thread#4" [stack: 0x00007f2f3d8e9000,0x00007f2f3d9e9000] [id=537085]
  0x00007f2f4000e680 GCTaskThread "GC Thread#5" [stack: 0x00007f2f3d7e7000,0x00007f2f3d8e7000] [id=537086]
  0x00007f2f4000f4b0 GCTaskThread "GC Thread#6" [stack: 0x00007f2f3d6e5000,0x00007f2f3d7e5000] [id=537087]
  0x00007f2f4000e150 GCTaskThread "GC Thread#7" [stack: 0x00007f2f3d5e3000,0x00007f2f3d6e3000] [id=537089]
  0x00007f2f7c031b90 ConcurrentGCThread "G1 Main Marker" [stack: 0x00007f2f5fa20000,0x00007f2f5fb20000] [id=537057]
  0x00007f2f7c08e110 ConcurrentGCThread "G1 Conc#0" [stack: 0x00007f2f5f91e000,0x00007f2f5fa1e000] [id=537058]
  0x00007f2f50000d30 ConcurrentGCThread "G1 Conc#1" [stack: 0x00007f2f3d3e0000,0x00007f2f3d4e0000] [id=537092]
  0x00007f2f7c1406e0 ConcurrentGCThread "G1 Refine#0" [stack: 0x00007f2f5d014000,0x00007f2f5d114000] [id=537059]
  0x00007f2f7c1415e0 ConcurrentGCThread "G1 Service" [stack: 0x00007f2f5cf12000,0x00007f2f5d012000] [id=537060]

Threads with active compile tasks:

VM state: not at safepoint (normal execution)

VM Mutex/Monitor currently owned by a thread: None

Heap address: 0x000000070a200000, size: 3934 MB, Compressed Oops mode: Zero based, Oop shift amount: 3

CDS archive(s) not mapped
Compressed class space mapped at: 0x0000000800000000-0x0000000840000000, reserved size: 1073741824
Narrow klass base: 0x0000000800000000, Narrow klass shift: 0, Narrow klass range: 0x40000000

GC Precious Log:
 CPUs: 8 total, 8 available
 Memory: 15735M
 Large Page Support: Disabled
 NUMA Support: Disabled
 Compressed Oops: Enabled (Zero based)
 Heap Region Size: 2M
 Heap Min Capacity: 8M
 Heap Initial Capacity: 246M
 Heap Max Capacity: 3934M
 Pre-touch: Disabled
 Parallel Workers: 8
 Concurrent Workers: 2
 Concurrent Refinement Workers: 8
 Periodic GC: Disabled

Heap:
 garbage-first heap   total 122880K, used 72088K [0x000000070a200000, 0x0000000800000000)
  region size 2048K, 26 young (53248K), 4 survivors (8192K)
 Metaspace       used 83663K, committed 84224K, reserved 1122304K
  class space    used 10779K, committed 11008K, reserved 1048576K

Heap Regions: E=young(eden), S=young(survivor), O=old, HS=humongous(starts), HC=humongous(continues), CS=collection set, F=free, OA=open archive, CA=closed archive, TAMS=top-at-mark-start (previous, next)
|   0|0x000000070a200000, 0x000000070a400000, 0x000000070a400000|100%| O|  |TAMS 0x000000070a400000, 0x000000070a200000| Untracked 
|   1|0x000000070a400000, 0x000000070a600000, 0x000000070a600000|100%| O|  |TAMS 0x000000070a600000, 0x000000070a400000| Untracked 
|   2|0x000000070a600000, 0x000000070a800000, 0x000000070a800000|100%| O|  |TAMS 0x000000070a800000, 0x000000070a600000| Untracked 
|   3|0x000000070a800000, 0x000000070aa00000, 0x000000070aa00000|100%| O|  |TAMS 0x000000070aa00000, 0x000000070a800000| Untracked 
|   4|0x000000070aa00000, 0x000000070ac00000, 0x000000070ac00000|100%| O|  |TAMS 0x000000070ac00000, 0x000000070aa00000| Untracked 
|   5|0x000000070ac00000, 0x000000070ae00000, 0x000000070ae00000|100%| O|  |TAMS 0x000000070ae00000, 0x000000070ac00000| Untracked 
|   6|0x000000070ae00000, 0x000000070b000000, 0x000000070b000000|100%| O|  |TAMS 0x000000070b000000, 0x000000070ae00000| Untracked 
|   7|0x000000070b000000, 0x000000070b200000, 0x000000070b200000|100%| O|  |TAMS 0x000000070b200000, 0x000000070b000000| Untracked 
|   8|0x000000070b200000, 0x000000070b400000, 0x000000070b400000|100%| O|  |TAMS 0x000000070b400000, 0x000000070b200000| Untracked 
|   9|0x000000070b400000, 0x000000070b400000, 0x000000070b600000|  0%| F|  |TAMS 0x000000070b400000, 0x000000070b400000| Untracked 
|  10|0x000000070b600000, 0x000000070b800000, 0x000000070b800000|100%| O|  |TAMS 0x000000070b800000, 0x000000070b600000| Untracked 
|  11|0x000000070b800000, 0x000000070ba00000, 0x000000070ba00000|100%| O|  |TAMS 0x000000070ba00000, 0x000000070b800000| Untracked 
|  12|0x000000070ba00000, 0x000000070ba66000, 0x000000070bc00000| 19%| O|  |TAMS 0x000000070ba66000, 0x000000070ba00000| Untracked 
|  13|0x000000070bc00000, 0x000000070bc00000, 0x000000070be00000|  0%| F|  |TAMS 0x000000070bc00000, 0x000000070bc00000| Untracked 
|  14|0x000000070be00000, 0x000000070be00000, 0x000000070c000000|  0%| F|  |TAMS 0x000000070be00000, 0x000000070be00000| Untracked 
|  15|0x000000070c000000, 0x000000070c000000, 0x000000070c200000|  0%| F|  |TAMS 0x000000070c000000, 0x000000070c000000| Untracked 
|  16|0x000000070c200000, 0x000000070c200000, 0x000000070c400000|  0%| F|  |TAMS 0x000000070c200000, 0x000000070c200000| Untracked 
|  17|0x000000070c400000, 0x000000070c400000, 0x000000070c600000|  0%| F|  |TAMS 0x000000070c400000, 0x000000070c400000| Untracked 
|  18|0x000000070c600000, 0x000000070c600000, 0x000000070c800000|  0%| F|  |TAMS 0x000000070c600000, 0x000000070c600000| Untracked 
|  19|0x000000070c800000, 0x000000070c800000, 0x000000070ca00000|  0%| F|  |TAMS 0x000000070c800000, 0x000000070c800000| Untracked 
|  20|0x000000070ca00000, 0x000000070ca00000, 0x000000070cc00000|  0%| F|  |TAMS 0x000000070ca00000, 0x000000070ca00000| Untracked 
|  21|0x000000070cc00000, 0x000000070cc00000, 0x000000070ce00000|  0%| F|  |TAMS 0x000000070cc00000, 0x000000070cc00000| Untracked 
|  22|0x000000070ce00000, 0x000000070ce00000, 0x000000070d000000|  0%| F|  |TAMS 0x000000070ce00000, 0x000000070ce00000| Untracked 
|  23|0x000000070d000000, 0x000000070d200000, 0x000000070d200000|100%| S|CS|TAMS 0x000000070d000000, 0x000000070d000000| Complete 
|  24|0x000000070d200000, 0x000000070d400000, 0x000000070d400000|100%| S|CS|TAMS 0x000000070d200000, 0x000000070d200000| Complete 
|  25|0x000000070d400000, 0x000000070d600000, 0x000000070d600000|100%| S|CS|TAMS 0x000000070d400000, 0x000000070d400000| Complete 
|  26|0x000000070d600000, 0x000000070d800000, 0x000000070d800000|100%| S|CS|TAMS 0x000000070d600000, 0x000000070d600000| Complete 
|  27|0x000000070d800000, 0x000000070d800000, 0x000000070da00000|  0%| F|  |TAMS 0x000000070d800000, 0x000000070d800000| Untracked 
|  28|0x000000070da00000, 0x000000070da00000, 0x000000070dc00000|  0%| F|  |TAMS 0x000000070da00000, 0x000000070da00000| Untracked 
|  29|0x000000070dc00000, 0x000000070dc00000, 0x000000070de00000|  0%| F|  |TAMS 0x000000070dc00000, 0x000000070dc00000| Untracked 
|  30|0x000000070de00000, 0x000000070de00000, 0x000000070e000000|  0%| F|  |TAMS 0x000000070de00000, 0x000000070de00000| Untracked 
|  31|0x000000070e000000, 0x000000070e000000, 0x000000070e200000|  0%| F|  |TAMS 0x000000070e000000, 0x000000070e000000| Untracked 
|  32|0x000000070e200000, 0x000000070e200000, 0x000000070e400000|  0%| F|  |TAMS 0x000000070e200000, 0x000000070e200000| Untracked 
|  33|0x000000070e400000, 0x000000070e400000, 0x000000070e600000|  0%| F|  |TAMS 0x000000070e400000, 0x000000070e400000| Untracked 
|  34|0x000000070e600000, 0x000000070e600000, 0x000000070e800000|  0%| F|  |TAMS 0x000000070e600000, 0x000000070e600000| Untracked 
|  35|0x000000070e800000, 0x000000070e800000, 0x000000070ea00000|  0%| F|  |TAMS 0x000000070e800000, 0x000000070e800000| Untracked 
|  36|0x000000070ea00000, 0x000000070ea00000, 0x000000070ec00000|  0%| F|  |TAMS 0x000000070ea00000, 0x000000070ea00000| Untracked 
|  37|0x000000070ec00000, 0x000000070ec00000, 0x000000070ee00000|  0%| F|  |TAMS 0x000000070ec00000, 0x000000070ec00000| Untracked 
|  38|0x000000070ee00000, 0x000000070ef50d30, 0x000000070f000000| 65%| E|  |TAMS 0x000000070ee00000, 0x000000070ee00000| Complete 
|  39|0x000000070f000000, 0x000000070f200000, 0x000000070f200000|100%| E|CS|TAMS 0x000000070f000000, 0x000000070f000000| Complete 
|  40|0x000000070f200000, 0x000000070f400000, 0x000000070f400000|100%| E|CS|TAMS 0x000000070f200000, 0x000000070f200000| Complete 
|  41|0x000000070f400000, 0x000000070f600000, 0x000000070f600000|100%| E|CS|TAMS 0x000000070f400000, 0x000000070f400000| Complete 
|  42|0x000000070f600000, 0x000000070f800000, 0x000000070f800000|100%| E|CS|TAMS 0x000000070f600000, 0x000000070f600000| Complete 
|  43|0x000000070f800000, 0x000000070fa00000, 0x000000070fa00000|100%| E|CS|TAMS 0x000000070f800000, 0x000000070f800000| Complete 
|  44|0x000000070fa00000, 0x000000070fc00000, 0x000000070fc00000|100%| E|CS|TAMS 0x000000070fa00000, 0x000000070fa00000| Complete 
|  45|0x000000070fc00000, 0x000000070fe00000, 0x000000070fe00000|100%| E|CS|TAMS 0x000000070fc00000, 0x000000070fc00000| Complete 
|  46|0x000000070fe00000, 0x0000000710000000, 0x0000000710000000|100%| E|CS|TAMS 0x000000070fe00000, 0x000000070fe00000| Complete 
|  47|0x0000000710000000, 0x0000000710200000, 0x0000000710200000|100%| E|CS|TAMS 0x0000000710000000, 0x0000000710000000| Complete 
|  48|0x0000000710200000, 0x0000000710400000, 0x0000000710400000|100%| E|CS|TAMS 0x0000000710200000, 0x0000000710200000| Complete 
|  49|0x0000000710400000, 0x0000000710600000, 0x0000000710600000|100%| E|CS|TAMS 0x0000000710400000, 0x0000000710400000| Complete 
|  50|0x0000000710600000, 0x0000000710800000, 0x0000000710800000|100%| E|CS|TAMS 0x0000000710600000, 0x0000000710600000| Complete 
|  51|0x0000000710800000, 0x0000000710a00000, 0x0000000710a00000|100%| E|CS|TAMS 0x0000000710800000, 0x0000000710800000| Complete 
|  52|0x0000000710a00000, 0x0000000710c00000, 0x0000000710c00000|100%| E|CS|TAMS 0x0000000710a00000, 0x0000000710a00000| Complete 
|  53|0x0000000710c00000, 0x0000000710e00000, 0x0000000710e00000|100%| E|CS|TAMS 0x0000000710c00000, 0x0000000710c00000| Complete 
|  54|0x0000000710e00000, 0x0000000711000000, 0x0000000711000000|100%| E|CS|TAMS 0x0000000710e00000, 0x0000000710e00000| Complete 
|  55|0x0000000711000000, 0x0000000711200000, 0x0000000711200000|100%| E|  |TAMS 0x0000000711000000, 0x0000000711000000| Complete 
|  56|0x0000000711200000, 0x0000000711400000, 0x0000000711400000|100%| E|CS|TAMS 0x0000000711200000, 0x0000000711200000| Complete 
|  57|0x0000000711400000, 0x0000000711600000, 0x0000000711600000|100%| E|CS|TAMS 0x0000000711400000, 0x0000000711400000| Complete 
|  75|0x0000000713800000, 0x0000000713a00000, 0x0000000713a00000|100%| E|CS|TAMS 0x0000000713800000, 0x0000000713800000| Complete 
| 122|0x0000000719600000, 0x0000000719800000, 0x0000000719800000|100%| E|CS|TAMS 0x0000000719600000, 0x0000000719600000| Complete 

Card table byte_map: [0x00007f2f67ec1000,0x00007f2f68670000] _byte_map_base: 0x00007f2f64670000

Marking Bits (Prev, Next): (CMBitMap*) 0x00007f2f7c07d310, (CMBitMap*) 0x00007f2f7c07d350
 Prev Bits: [0x00007f2f6399a000, 0x00007f2f67712000)
 Next Bits: [0x00007f2f5fc22000, 0x00007f2f6399a000)

Polling page: 0x00007f2f82e0f000

Metaspace:

Usage:
  Non-class:     71.18 MB used.
      Class:     10.53 MB used.
       Both:     81.70 MB used.

Virtual space:
  Non-class space:       72.00 MB reserved,      71.50 MB (>99%) committed,  9 nodes.
      Class space:        1.00 GB reserved,      10.75 MB (  1%) committed,  1 nodes.
             Both:        1.07 GB reserved,      82.25 MB (  8%) committed. 

Chunk freelists:
   Non-Class:  352.00 KB
       Class:  1.26 MB
        Both:  1.60 MB

MaxMetaspaceSize: unlimited
CompressedClassSpaceSize: 1.00 GB
Initial GC threshold: 21.00 MB
Current GC threshold: 115.25 MB
CDS: off
MetaspaceReclaimPolicy: balanced
 - commit_granule_bytes: 65536.
 - commit_granule_words: 8192.
 - virtual_space_node_default_size: 1048576.
 - enlarge_chunks_in_place: 1.
 - new_chunks_are_fully_committed: 0.
 - uncommit_free_chunks: 1.
 - use_allocation_guard: 0.
 - handle_deallocations: 1.


Internal statistics:

num_allocs_failed_limit: 12.
num_arena_births: 778.
num_arena_deaths: 0.
num_vsnodes_births: 10.
num_vsnodes_deaths: 0.
num_space_committed: 1316.
num_space_uncommitted: 0.
num_chunks_returned_to_freelist: 12.
num_chunks_taken_from_freelist: 3371.
num_chunk_merges: 12.
num_chunk_splits: 2441.
num_chunks_enlarged: 1935.
num_purges: 0.
num_inconsistent_stats: 0.

CodeHeap 'non-profiled nmethods': size=120028Kb used=3009Kb max_used=3291Kb free=117018Kb
 bounds [0x00007f2f712c6000, 0x00007f2f71606000, 0x00007f2f787fd000]
CodeHeap 'profiled nmethods': size=120028Kb used=10774Kb max_used=12117Kb free=109253Kb
 bounds [0x00007f2f69d8f000, 0x00007f2f6a96f000, 0x00007f2f712c6000]
CodeHeap 'non-nmethods': size=5704Kb used=1434Kb max_used=1499Kb free=4270Kb
 bounds [0x00007f2f697fd000, 0x00007f2f69a6d000, 0x00007f2f69d8f000]
 total_blobs=6768 nmethods=6056 adapters=624
 compilation: enabled
              stopped_count=0, restarted_count=0
 full_count=0

Compilation events (20 events):
Event: 3858.165 Thread 0x00007f2f7c1fef30 6943       4       java.io.UnixFileSystem::hasBooleanAttributes (33 bytes)
Event: 3858.165 Thread 0x00007f2f7c1fef30 nmethod 6943 0x00007f2f7156a510 code [0x00007f2f7156a6a0, 0x00007f2f7156a788]
Event: 3903.091 Thread 0x00007f2f7c1fef30 6944       4       java.util.HashMap::valuesToArray (81 bytes)
Event: 3903.106 Thread 0x00007f2f7c1fef30 nmethod 6944 0x00007f2f71569b90 code [0x00007f2f71569d20, 0x00007f2f7156a2b8]
Event: 3943.093 Thread 0x00007f2f7c1fef30 6945       4       java.util.concurrent.locks.AbstractQueuedSynchronizer::acquireShared (20 bytes)
Event: 3943.097 Thread 0x00007f2f7c1fef30 nmethod 6945 0x00007f2f71569510 code [0x00007f2f715696c0, 0x00007f2f715699b8]
Event: 4110.410 Thread 0x00007f2f7c1fef30 6946       4       java.util.concurrent.ThreadPoolExecutor$Worker::unlock (7 bytes)
Event: 4110.414 Thread 0x00007f2f7c1fef30 nmethod 6946 0x00007f2f71569090 code [0x00007f2f71569220, 0x00007f2f715693c8]
Event: 4129.402 Thread 0x00007f2f7c1fef30 6947   !   4       java.util.concurrent.ThreadPoolExecutor::getTask (177 bytes)
Event: 4129.542 Thread 0x00007f2f7c1fef30 nmethod 6947 0x00007f2f7137e210 code [0x00007f2f7137e5a0, 0x00007f2f713823c0]
Event: 4132.402 Thread 0x00007f2f7c1fef30 6948       4       java.util.concurrent.ThreadPoolExecutor$Worker::lock (6 bytes)
Event: 4132.405 Thread 0x00007f2f7c1fef30 nmethod 6948 0x00007f2f71568c90 code [0x00007f2f71568e20, 0x00007f2f71568f98]
Event: 4164.402 Thread 0x00007f2f7c1fef30 6949       4       java.util.concurrent.ScheduledThreadPoolExecutor$DelayedWorkQueue::siftUp (64 bytes)
Event: 4164.413 Thread 0x00007f2f7c1fef30 nmethod 6949 0x00007f2f715ab610 code [0x00007f2f715ab7c0, 0x00007f2f715abd98]
Event: 4166.402 Thread 0x00007f2f7c1fef30 6950       4       java.util.concurrent.ScheduledThreadPoolExecutor$DelayedWorkQueue::add (9 bytes)
Event: 4166.457 Thread 0x00007f2f7c1fef30 nmethod 6950 0x00007f2f715a8e10 code [0x00007f2f715a9040, 0x00007f2f715aa9b8]
Event: 4180.402 Thread 0x00007f2f7c1fef30 6951       4       java.util.concurrent.ScheduledThreadPoolExecutor$ScheduledFutureTask::run (57 bytes)
Event: 4180.426 Thread 0x00007f2f7c1fef30 nmethod 6951 0x00007f2f713edd90 code [0x00007f2f713edf80, 0x00007f2f713ee5c0]
Event: 4193.402 Thread 0x00007f2f7c200420 6952       3       java.util.concurrent.locks.LockSupport::park (23 bytes)
Event: 4193.402 Thread 0x00007f2f7c200420 nmethod 6952 0x00007f2f6a8a9f10 code [0x00007f2f6a8aa0e0, 0x00007f2f6a8aa2a0]

GC Heap History (20 events):
Event: 2.695 GC heap before
{Heap before GC invocations=11 (full 0):
 garbage-first heap   total 61440K, used 18964K [0x000000070a200000, 0x0000000800000000)
  region size 2048K, 3 young (6144K), 2 survivors (4096K)
 Metaspace       used 38963K, committed 39424K, reserved 1089536K
  class space    used 4635K, committed 4864K, reserved 1048576K
}
Event: 2.701 GC heap after
{Heap after GC invocations=12 (full 0):
 garbage-first heap   total 61440K, used 17388K [0x000000070a200000, 0x0000000800000000)
  region size 2048K, 1 young (2048K), 1 survivors (2048K)
 Metaspace       used 38963K, committed 39424K, reserved 1089536K
  class space    used 4635K, committed 4864K, reserved 1048576K
}
Event: 2.950 GC heap before
{Heap before GC invocations=12 (full 0):
 garbage-first heap   total 61440K, used 44012K [0x000000070a200000, 0x0000000800000000)
  region size 2048K, 14 young (28672K), 1 survivors (2048K)
 Metaspace       used 42118K, committed 42496K, reserved 1089536K
  class space    used 4999K, committed 5184K, reserved 1048576K
}
Event: 2.954 GC heap after
{Heap after GC invocations=13 (full 0):
 garbage-first heap   total 157696K, used 17943K [0x000000070a200000, 0x0000000800000000)
  region size 2048K, 1 young (2048K), 1 survivors (2048K)
 Metaspace       used 42118K, committed 42496K, reserved 1089536K
  class space    used 4999K, committed 5184K, reserved 1048576K
}
Event: 3.698 GC heap before
{Heap before GC invocations=13 (full 0):
 garbage-first heap   total 157696K, used 110103K [0x000000070a200000, 0x0000000800000000)
  region size 2048K, 46 young (94208K), 1 survivors (2048K)
 Metaspace       used 52025K, committed 52544K, reserved 1097728K
  class space    used 6343K, committed 6592K, reserved 1048576K
}
Event: 3.701 GC heap after
{Heap after GC invocations=14 (full 0):
 garbage-first heap   total 157696K, used 20262K [0x000000070a200000, 0x0000000800000000)
  region size 2048K, 2 young (4096K), 2 survivors (4096K)
 Metaspace       used 52025K, committed 52544K, reserved 1097728K
  class space    used 6343K, committed 6592K, reserved 1048576K
}
Event: 4.211 GC heap before
{Heap before GC invocations=14 (full 0):
 garbage-first heap   total 157696K, used 75558K [0x000000070a200000, 0x0000000800000000)
  region size 2048K, 30 young (61440K), 2 survivors (4096K)
 Metaspace       used 59727K, committed 60096K, reserved 1105920K
  class space    used 7352K, committed 7552K, reserved 1048576K
}
Event: 4.215 GC heap after
{Heap after GC invocations=15 (full 0):
 garbage-first heap   total 157696K, used 22142K [0x000000070a200000, 0x0000000800000000)
  region size 2048K, 3 young (6144K), 3 survivors (6144K)
 Metaspace       used 59727K, committed 60096K, reserved 1105920K
  class space    used 7352K, committed 7552K, reserved 1048576K
}
Event: 4.569 GC heap before
{Heap before GC invocations=16 (full 0):
 garbage-first heap   total 96256K, used 71294K [0x000000070a200000, 0x0000000800000000)
  region size 2048K, 28 young (57344K), 3 survivors (6144K)
 Metaspace       used 64452K, committed 64832K, reserved 1105920K
  class space    used 8067K, committed 8256K, reserved 1048576K
}
Event: 4.574 GC heap after
{Heap after GC invocations=17 (full 0):
 garbage-first heap   total 96256K, used 24871K [0x000000070a200000, 0x0000000800000000)
  region size 2048K, 3 young (6144K), 3 survivors (6144K)
 Metaspace       used 64452K, committed 64832K, reserved 1105920K
  class space    used 8067K, committed 8256K, reserved 1048576K
}
Event: 4.606 GC heap before
{Heap before GC invocations=17 (full 0):
 garbage-first heap   total 96256K, used 26919K [0x000000070a200000, 0x0000000800000000)
  region size 2048K, 4 young (8192K), 3 survivors (6144K)
 Metaspace       used 65179K, committed 65536K, reserved 1114112K
  class space    used 8138K, committed 8320K, reserved 1048576K
}
Event: 4.608 GC heap after
{Heap after GC invocations=18 (full 0):
 garbage-first heap   total 96256K, used 23487K [0x000000070a200000, 0x0000000800000000)
  region size 2048K, 1 young (2048K), 1 survivors (2048K)
 Metaspace       used 65179K, committed 65536K, reserved 1114112K
  class space    used 8138K, committed 8320K, reserved 1048576K
}
Event: 4.983 GC heap before
{Heap before GC invocations=18 (full 0):
 garbage-first heap   total 96256K, used 74687K [0x000000070a200000, 0x0000000800000000)
  region size 2048K, 26 young (53248K), 1 survivors (2048K)
 Metaspace       used 70020K, committed 70464K, reserved 1114112K
  class space    used 8948K, committed 9152K, reserved 1048576K
}
Event: 4.985 GC heap after
{Heap after GC invocations=19 (full 0):
 garbage-first heap   total 96256K, used 23807K [0x000000070a200000, 0x0000000800000000)
  region size 2048K, 1 young (2048K), 1 survivors (2048K)
 Metaspace       used 70020K, committed 70464K, reserved 1114112K
  class space    used 8948K, committed 9152K, reserved 1048576K
}
Event: 5.435 GC heap before
{Heap before GC invocations=20 (full 0):
 garbage-first heap   total 96256K, used 75007K [0x000000070a200000, 0x0000000800000000)
  region size 2048K, 26 young (53248K), 1 survivors (2048K)
 Metaspace       used 74323K, committed 74816K, reserved 1114112K
  class space    used 9561K, committed 9792K, reserved 1048576K
}
Event: 5.440 GC heap after
{Heap after GC invocations=21 (full 0):
 garbage-first heap   total 96256K, used 25648K [0x000000070a200000, 0x0000000800000000)
  region size 2048K, 2 young (4096K), 2 survivors (4096K)
 Metaspace       used 74323K, committed 74816K, reserved 1114112K
  class space    used 9561K, committed 9792K, reserved 1048576K
}
Event: 5.981 GC heap before
{Heap before GC invocations=21 (full 0):
 garbage-first heap   total 96256K, used 76848K [0x000000070a200000, 0x0000000800000000)
  region size 2048K, 27 young (55296K), 2 survivors (4096K)
 Metaspace       used 76804K, committed 77312K, reserved 1122304K
  class space    used 9929K, committed 10176K, reserved 1048576K
}
Event: 5.985 GC heap after
{Heap after GC invocations=22 (full 0):
 garbage-first heap   total 122880K, used 28044K [0x000000070a200000, 0x0000000800000000)
  region size 2048K, 3 young (6144K), 3 survivors (6144K)
 Metaspace       used 76804K, committed 77312K, reserved 1122304K
  class space    used 9929K, committed 10176K, reserved 1048576K
}
Event: 71.946 GC heap before
{Heap before GC invocations=22 (full 0):
 garbage-first heap   total 122880K, used 93580K [0x000000070a200000, 0x0000000800000000)
  region size 2048K, 36 young (73728K), 3 survivors (6144K)
 Metaspace       used 81966K, committed 82560K, reserved 1122304K
  class space    used 10600K, committed 10880K, reserved 1048576K
}
Event: 71.956 GC heap after
{Heap after GC invocations=23 (full 0):
 garbage-first heap   total 122880K, used 31128K [0x000000070a200000, 0x0000000800000000)
  region size 2048K, 4 young (8192K), 4 survivors (8192K)
 Metaspace       used 81966K, committed 82560K, reserved 1122304K
  class space    used 10600K, committed 10880K, reserved 1048576K
}

Deoptimization events (20 events):
Event: 3713.084 Thread 0x00007f2eec007a90 Uncommon trap: trap_request=0xffffffbe fr.pc=0x00007f2f7152a208 relative=0x0000000000000268
Event: 3713.084 Thread 0x00007f2eec007a90 Uncommon trap: reason=profile_predicate action=maybe_recompile pc=0x00007f2f7152a208 method=java.util.HashMap.valuesToArray([Ljava/lang/Object;)[Ljava/lang/Object; @ 48 c2
Event: 3713.084 Thread 0x00007f2eec007a90 DEOPT PACKING pc=0x00007f2f7152a208 sp=0x00007f2f3d3dc4a0
Event: 3713.084 Thread 0x00007f2eec007a90 DEOPT UNPACKING pc=0x00007f2f69852899 sp=0x00007f2f3d3dc448 mode 2
Event: 3823.088 Thread 0x00007f2eec007a90 Uncommon trap: trap_request=0xffffffd6 fr.pc=0x00007f2f7156b53c relative=0x000000000000051c
Event: 3823.088 Thread 0x00007f2eec007a90 Uncommon trap: reason=array_check action=maybe_recompile pc=0x00007f2f7156b53c method=java.util.HashMap.valuesToArray([Ljava/lang/Object;)[Ljava/lang/Object; @ 62 c2
Event: 3823.088 Thread 0x00007f2eec007a90 DEOPT PACKING pc=0x00007f2f7156b53c sp=0x00007f2f3d3dc4a0
Event: 3823.089 Thread 0x00007f2eec007a90 DEOPT UNPACKING pc=0x00007f2f69852899 sp=0x00007f2f3d3dc438 mode 2
Event: 3823.089 Thread 0x00007f2eec007a90 Uncommon trap: trap_request=0xffffffd6 fr.pc=0x00007f2f7156b53c relative=0x000000000000051c
Event: 3823.089 Thread 0x00007f2eec007a90 Uncommon trap: reason=array_check action=maybe_recompile pc=0x00007f2f7156b53c method=java.util.HashMap.valuesToArray([Ljava/lang/Object;)[Ljava/lang/Object; @ 62 c2
Event: 3823.089 Thread 0x00007f2eec007a90 DEOPT PACKING pc=0x00007f2f7156b53c sp=0x00007f2f3d3dc3a0
Event: 3823.089 Thread 0x00007f2eec007a90 DEOPT UNPACKING pc=0x00007f2f69852899 sp=0x00007f2f3d3dc338 mode 2
Event: 3823.089 Thread 0x00007f2eec007a90 Uncommon trap: trap_request=0xffffffd6 fr.pc=0x00007f2f7156b53c relative=0x000000000000051c
Event: 3823.089 Thread 0x00007f2eec007a90 Uncommon trap: reason=array_check action=maybe_recompile pc=0x00007f2f7156b53c method=java.util.HashMap.valuesToArray([Ljava/lang/Object;)[Ljava/lang/Object; @ 62 c2
Event: 3823.089 Thread 0x00007f2eec007a90 DEOPT PACKING pc=0x00007f2f7156b53c sp=0x00007f2f3d3dc2a0
Event: 3823.089 Thread 0x00007f2eec007a90 DEOPT UNPACKING pc=0x00007f2f69852899 sp=0x00007f2f3d3dc238 mode 2
Event: 3833.089 Thread 0x00007f2eec007a90 Uncommon trap: trap_request=0xffffffd6 fr.pc=0x00007f2f7156b53c relative=0x000000000000051c
Event: 3833.089 Thread 0x00007f2eec007a90 Uncommon trap: reason=array_check action=maybe_recompile pc=0x00007f2f7156b53c method=java.util.HashMap.valuesToArray([Ljava/lang/Object;)[Ljava/lang/Object; @ 62 c2
Event: 3833.089 Thread 0x00007f2eec007a90 DEOPT PACKING pc=0x00007f2f7156b53c sp=0x00007f2f3d3dc4a0
Event: 3833.089 Thread 0x00007f2eec007a90 DEOPT UNPACKING pc=0x00007f2f69852899 sp=0x00007f2f3d3dc438 mode 2

Classes unloaded (0 events):
No events

Classes redefined (4 events):
Event: 4226.855 Thread 0x00007f2f7c188410 redefined class name=com.onebox.onebox.services.TaskService, count=1
Event: 4226.855 Thread 0x00007f2f7c188410 redefined class name=com.onebox.entityobjects.Task, count=1
Event: 4264.564 Thread 0x00007f2f7c188410 redefined class name=com.onebox.onebox.services.BaseService, count=1
Event: 4341.230 Thread 0x00007f2f7c188410 redefined class name=com.onebox.onebox.services.TaskService, count=3

Internal exceptions (20 events):
Event: 5.233 Thread 0x00007f2f7c02d770 Exception <a 'java/lang/IncompatibleClassChangeError'{0x000000070e5011f0}: Found class java.lang.Object, but interface was expected> (0x000000070e5011f0) 
thrown [src/hotspot/share/interpreter/linkResolver.cpp, line 833]
Event: 5.255 Thread 0x00007f2f7c02d770 Exception <a 'java/lang/IncompatibleClassChangeError'{0x000000070e0a4050}: Found class java.lang.Object, but interface was expected> (0x000000070e0a4050) 
thrown [src/hotspot/share/interpreter/linkResolver.cpp, line 833]
Event: 5.259 Thread 0x00007f2f7c02d770 Exception <a 'java/lang/NoSuchMethodError'{0x000000070e131e68}: 'java.lang.Object java.lang.invoke.DirectMethodHandle$Holder.invokeSpecialIFC(java.lang.Object, java.lang.Object, java.lang.Object)'> (0x000000070e131e68) 
thrown [src/hotspot/share/interpreter/linkResolver.cpp, line 766]
Event: 5.389 Thread 0x00007f2f7c02d770 Exception <a 'java/lang/IncompatibleClassChangeError'{0x000000070d38f6b8}: Found class java.lang.Object, but interface was expected> (0x000000070d38f6b8) 
thrown [src/hotspot/share/interpreter/linkResolver.cpp, line 833]
Event: 5.710 Thread 0x00007f2f7c02d770 Exception <a 'java/lang/NoSuchMethodError'{0x000000070e80cd68}: 'java.lang.Object java.lang.invoke.DirectMethodHandle$Holder.invokeInterface(java.lang.Object, java.lang.Object, java.lang.Object, java.lang.Object)'> (0x000000070e80cd68) 
thrown [src/hotspot/share/interpreter/linkResolver.cpp, line 766]
Event: 5.759 Thread 0x00007f2f7c02d770 Exception <a 'java/lang/IncompatibleClassChangeError'{0x000000070e78c268}: Found class java.lang.Object, but interface was expected> (0x000000070e78c268) 
thrown [src/hotspot/share/interpreter/linkResolver.cpp, line 833]
Event: 5.841 Thread 0x00007f2f7c02d770 Exception <a 'java/lang/NoSuchMethodError'{0x000000070da16ef0}: 'java.lang.Object java.lang.invoke.DirectMethodHandle$Holder.invokeVirtual(java.lang.Object, java.lang.Object, int)'> (0x000000070da16ef0) 
thrown [src/hotspot/share/interpreter/linkResolver.cpp, line 766]
Event: 5.890 Thread 0x00007f2f7c02d770 Exception <a 'java/lang/reflect/InvocationTargetException'{0x000000070d740170}> (0x000000070d740170) 
thrown [src/hotspot/share/runtime/reflection.cpp, line 1121]
Event: 5.891 Thread 0x00007f2f7c02d770 Exception <a 'java/lang/reflect/InvocationTargetException'{0x000000070d746790}> (0x000000070d746790) 
thrown [src/hotspot/share/runtime/reflection.cpp, line 1121]
Event: 6.079 Thread 0x00007f2f7c02d770 Exception <a 'java/lang/IncompatibleClassChangeError'{0x000000071118f0c0}: Found class java.lang.Object, but interface was expected> (0x000000071118f0c0) 
thrown [src/hotspot/share/interpreter/linkResolver.cpp, line 833]
Event: 6.115 Thread 0x00007f2f7c02d770 Exception <a 'java/lang/NoSuchMethodError'{0x0000000710d0b628}: 'void java.lang.invoke.DirectMethodHandle$Holder.invokeVirtual(java.lang.Object, java.lang.Object, long)'> (0x0000000710d0b628) 
thrown [src/hotspot/share/interpreter/linkResolver.cpp, line 766]
Event: 6.224 Thread 0x00007f2f7c02d770 Exception <a 'java/lang/IncompatibleClassChangeError'{0x00000007100e37e8}: Found class java.lang.Object, but interface was expected> (0x00000007100e37e8) 
thrown [src/hotspot/share/interpreter/linkResolver.cpp, line 833]
Event: 6.384 Thread 0x00007f2f7c02d770 Exception <a 'java/lang/NoSuchMethodError'{0x000000070f036ed0}: 'java.lang.Object java.lang.invoke.DirectMethodHandle$Holder.newInvokeSpecial(java.lang.Object, java.lang.Object, int, java.lang.Object, java.lang.Object)'> (0x000000070f036ed0) 
thrown [src/hotspot/share/interpreter/linkResolver.cpp, line 766]
Event: 6.384 Thread 0x00007f2f7c02d770 Exception <a 'java/lang/NoSuchMethodError'{0x000000070f042168}: 'java.lang.Object java.lang.invoke.DirectMethodHandle$Holder.invokeSpecial(java.lang.Object, java.lang.Object, int, java.lang.Object, int, java.lang.Object)'> (0x000000070f042168) 
thrown [src/hotspot/share/interpreter/linkResolver.cpp, line 766]
Event: 6.385 Thread 0x00007f2f7c02d770 Exception <a 'java/lang/NoSuchMethodError'{0x000000070f049ee0}: 'java.lang.Object java.lang.invoke.DirectMethodHandle$Holder.newInvokeSpecial(java.lang.Object, java.lang.Object, int, java.lang.Object, int)'> (0x000000070f049ee0) 
thrown [src/hotspot/share/interpreter/linkResolver.cpp, line 766]
Event: 6.385 Thread 0x00007f2f7c02d770 Exception <a 'java/lang/NoSuchMethodError'{0x000000070f04dfe0}: 'java.lang.Object java.lang.invoke.DirectMethodHandle$Holder.invokeSpecial(java.lang.Object, java.lang.Object, java.lang.Object, int, java.lang.Object, int)'> (0x000000070f04dfe0) 
thrown [src/hotspot/share/interpreter/linkResolver.cpp, line 766]
Event: 34.330 Thread 0x00007f2f7d5fc8d0 Exception <a 'java/lang/NoSuchMethodError'{0x000000070e756678}: 'java.lang.Object java.lang.invoke.DirectMethodHandle$Holder.invokeSpecial(java.lang.Object, java.lang.Object, java.lang.Object, java.lang.Object, java.lang.Object, long)'> (0x000000070e756678) 
thrown [src/hotspot/share/interpreter/linkResolver.cpp, line 766]
Event: 34.331 Thread 0x00007f2f7d5fc8d0 Exception <a 'java/lang/NoSuchMethodError'{0x000000070e75a0b8}: 'java.lang.Object java.lang.invoke.Invokers$Holder.linkToTargetMethod(java.lang.Object, java.lang.Object, java.lang.Object, long, java.lang.Object)'> (0x000000070e75a0b8) 
thrown [src/hotspot/share/interpreter/linkResolver.cpp, line 766]
Event: 77.173 Thread 0x00007f2f7d5fc8d0 Exception <a 'java/lang/NoSuchMethodError'{0x00000007115d5f48}: 'int java.lang.invoke.DirectMethodHandle$Holder.invokeStatic(java.lang.Object, java.lang.Object, int, int)'> (0x00000007115d5f48) 
thrown [src/hotspot/share/interpreter/linkResolver.cpp, line 766]
Event: 78.337 Thread 0x00007f2f7d5fc8d0 Exception <a 'java/lang/IncompatibleClassChangeError'{0x00000007110e4180}: Found class java.lang.Object, but interface was expected> (0x00000007110e4180) 
thrown [src/hotspot/share/interpreter/linkResolver.cpp, line 833]

VM Operations (20 events):
Event: 4168.032 Executing VM operation: Cleanup
Event: 4168.032 Executing VM operation: Cleanup done
Event: 4183.034 Executing VM operation: Cleanup
Event: 4183.034 Executing VM operation: Cleanup done
Event: 4226.821 Executing VM operation: RedefineClasses
Event: 4227.088 Executing VM operation: RedefineClasses done
Event: 4227.104 Executing VM operation: ChangeBreakpoints
Event: 4227.107 Executing VM operation: ChangeBreakpoints done
Event: 4264.557 Executing VM operation: RedefineClasses
Event: 4264.579 Executing VM operation: RedefineClasses done
Event: 4264.593 Executing VM operation: ChangeBreakpoints
Event: 4264.595 Executing VM operation: ChangeBreakpoints done
Event: 4264.611 Executing VM operation: ChangeBreakpoints
Event: 4264.612 Executing VM operation: ChangeBreakpoints done
Event: 4264.625 Executing VM operation: ChangeBreakpoints
Event: 4264.626 Executing VM operation: ChangeBreakpoints done
Event: 4264.640 Executing VM operation: ChangeBreakpoints
Event: 4264.641 Executing VM operation: ChangeBreakpoints done
Event: 4341.224 Executing VM operation: RedefineClasses
Event: 4341.244 Executing VM operation: RedefineClasses done

Events (20 events):
Event: 3563.074 Thread 0x00007f2ed4003660 Thread exited: 0x00007f2ed4003660
Event: 3563.125 Thread 0x00007f2ed4002d00 Thread exited: 0x00007f2ed4002d00
Event: 3567.260 Thread 0x00007f2ed4003560 Thread added: 0x00007f2ed4003560
Event: 3567.260 Protecting memory [0x00007f2edc0f5000,0x00007f2edc0f9000] with protection modes 0
Event: 3567.260 Thread 0x00007f2ed4002d00 Thread added: 0x00007f2ed4002d00
Event: 3567.260 Protecting memory [0x00007f2eddeff000,0x00007f2eddf03000] with protection modes 0
Event: 3573.432 Thread 0x00007f2ed4003560 Thread exited: 0x00007f2ed4003560
Event: 3573.479 Thread 0x00007f2ed4002d00 Thread exited: 0x00007f2ed4002d00
Event: 3576.260 Thread 0x00007f2ed4002d00 Thread added: 0x00007f2ed4002d00
Event: 3576.260 Protecting memory [0x00007f2eddeff000,0x00007f2eddf03000] with protection modes 0
Event: 3576.260 Thread 0x00007f2ed4003480 Thread added: 0x00007f2ed4003480
Event: 3576.260 Protecting memory [0x00007f2edc0f5000,0x00007f2edc0f9000] with protection modes 0
Event: 3581.261 Thread 0x00007f2ed4002d00 Thread exited: 0x00007f2ed4002d00
Event: 3581.293 Thread 0x00007f2ed4003480 Thread exited: 0x00007f2ed4003480
Event: 3599.857 Thread 0x00007f2ed4002d00 Thread added: 0x00007f2ed4002d00
Event: 3599.857 Protecting memory [0x00007f2edc0f5000,0x00007f2edc0f9000] with protection modes 0
Event: 3599.857 Thread 0x00007f2ed4003270 Thread added: 0x00007f2ed4003270
Event: 3599.857 Protecting memory [0x00007f2eddeff000,0x00007f2eddf03000] with protection modes 0
Event: 3604.859 Thread 0x00007f2ed4002d00 Thread exited: 0x00007f2ed4002d00
Event: 3604.912 Thread 0x00007f2ed4003270 Thread exited: 0x00007f2ed4003270


Dynamic libraries:
70a200000-711600000 rw-p 00000000 00:00 0 
711600000-713800000 ---p 00000000 00:00 0 
713800000-713a00000 rw-p 00000000 00:00 0 
713a00000-719600000 ---p 00000000 00:00 0 
719600000-719800000 rw-p 00000000 00:00 0 
719800000-800000000 ---p 00000000 00:00 0 
800000000-800020000 rw-p 00000000 00:00 0 
800020000-800040000 rw-p 00000000 00:00 0 
800040000-800100000 rw-p 00000000 00:00 0 
800100000-800180000 rw-p 00000000 00:00 0 
800180000-8002c0000 rw-p 00000000 00:00 0 
8002c0000-800300000 rw-p 00000000 00:00 0 
800300000-8004e0000 rw-p 00000000 00:00 0 
8004e0000-800500000 rw-p 00000000 00:00 0 
800500000-800540000 rw-p 00000000 00:00 0 
800540000-800580000 rw-p 00000000 00:00 0 
800580000-8006c0000 rw-p 00000000 00:00 0 
8006c0000-8006e0000 rw-p 00000000 00:00 0 
8006e0000-800700000 rw-p 00000000 00:00 0 
800700000-800ac0000 rw-p 00000000 00:00 0 
800ac0000-840000000 ---p 00000000 00:00 0 
55aee1400000-55aee1401000 r-xp 00000000 00:39 20906                      /home/local/ZOHOCORP/pranav-pt5073/.p2/pool/plugins/org.eclipse.justj.openjdk.hotspot.jre.full.linux.x86_64_17.0.2.v20220201-1208/jre/bin/java
55aee1601000-55aee1602000 r--p 00001000 00:39 20906                      /home/local/ZOHOCORP/pranav-pt5073/.p2/pool/plugins/org.eclipse.justj.openjdk.hotspot.jre.full.linux.x86_64_17.0.2.v20220201-1208/jre/bin/java
55aee1602000-55aee1603000 rw-p 00002000 00:39 20906                      /home/local/ZOHOCORP/pranav-pt5073/.p2/pool/plugins/org.eclipse.justj.openjdk.hotspot.jre.full.linux.x86_64_17.0.2.v20220201-1208/jre/bin/java
55aee17c5000-55aee17e6000 rw-p 00000000 00:00 0                          [heap]
7f2e90000000-7f2e901ee000 rw-p 00000000 00:00 0 
7f2e901ee000-7f2e94000000 ---p 00000000 00:00 0 
7f2e97eff000-7f2e97f03000 ---p 00000000 00:00 0 
7f2e97f03000-7f2e98000000 rw-p 00000000 00:00 0 
7f2e98000000-7f2e9804d000 rw-p 00000000 00:00 0 
7f2e9804d000-7f2e9c000000 ---p 00000000 00:00 0 
7f2e9c000000-7f2e9c021000 rw-p 00000000 00:00 0 
7f2e9c021000-7f2ea0000000 ---p 00000000 00:00 0 
7f2ea0000000-7f2ea0021000 rw-p 00000000 00:00 0 
7f2ea0021000-7f2ea4000000 ---p 00000000 00:00 0 
7f2ea4000000-7f2ea4021000 rw-p 00000000 00:00 0 
7f2ea4021000-7f2ea8000000 ---p 00000000 00:00 0 
7f2ea8000000-7f2ea8021000 rw-p 00000000 00:00 0 
7f2ea8021000-7f2eac000000 ---p 00000000 00:00 0 
7f2eac000000-7f2eac021000 rw-p 00000000 00:00 0 
7f2eac021000-7f2eb0000000 ---p 00000000 00:00 0 
7f2eb0000000-7f2eb0021000 rw-p 00000000 00:00 0 
7f2eb0021000-7f2eb4000000 ---p 00000000 00:00 0 
7f2eb4000000-7f2eb4021000 rw-p 00000000 00:00 0 
7f2eb4021000-7f2eb8000000 ---p 00000000 00:00 0 
7f2eb8000000-7f2eb8021000 rw-p 00000000 00:00 0 
7f2eb8021000-7f2ebc000000 ---p 00000000 00:00 0 
7f2ebc000000-7f2ebc021000 rw-p 00000000 00:00 0 
7f2ebc021000-7f2ec0000000 ---p 00000000 00:00 0 
7f2ec0000000-7f2ec01fb000 rw-p 00000000 00:00 0 
7f2ec01fb000-7f2ec4000000 ---p 00000000 00:00 0 
7f2ec4000000-7f2ec4021000 rw-p 00000000 00:00 0 
7f2ec4021000-7f2ec8000000 ---p 00000000 00:00 0 
7f2ec8000000-7f2ec8162000 rw-p 00000000 00:00 0 
7f2ec8162000-7f2ecc000000 ---p 00000000 00:00 0 
7f2ecc000000-7f2ecc021000 rw-p 00000000 00:00 0 
7f2ecc021000-7f2ed0000000 ---p 00000000 00:00 0 
7f2ed0000000-7f2ed0021000 rw-p 00000000 00:00 0 
7f2ed0021000-7f2ed4000000 ---p 00000000 00:00 0 
7f2ed4000000-7f2ed4021000 rw-p 00000000 00:00 0 
7f2ed4021000-7f2ed8000000 ---p 00000000 00:00 0 
7f2ed8000000-7f2ed8021000 rw-p 00000000 00:00 0 
7f2ed8021000-7f2edc000000 ---p 00000000 00:00 0 
7f2edc0f5000-7f2edc0f9000 ---p 00000000 00:00 0 
7f2edc0f9000-7f2edc1f6000 rw-p 00000000 00:00 0 
7f2edc1f6000-7f2edc1fa000 ---p 00000000 00:00 0 
7f2edc1fa000-7f2edc2f7000 rw-p 00000000 00:00 0 
7f2edc2f7000-7f2edc2fb000 ---p 00000000 00:00 0 
7f2edc2fb000-7f2edc3f8000 rw-p 00000000 00:00 0 
7f2edc3f8000-7f2edc3fc000 ---p 00000000 00:00 0 
7f2edc3fc000-7f2edc4f9000 rw-p 00000000 00:00 0 
7f2edc4f9000-7f2edc4fd000 ---p 00000000 00:00 0 
7f2edc4fd000-7f2edc5fa000 rw-p 00000000 00:00 0 
7f2edc5fa000-7f2edc5fe000 ---p 00000000 00:00 0 
7f2edc5fe000-7f2edc6fb000 rw-p 00000000 00:00 0 
7f2edc6fb000-7f2edc6ff000 ---p 00000000 00:00 0 
7f2edc6ff000-7f2edc7fc000 rw-p 00000000 00:00 0 
7f2edc7fc000-7f2edc800000 ---p 00000000 00:00 0 
7f2edc800000-7f2edc8fd000 rw-p 00000000 00:00 0 
7f2edc8fd000-7f2edc901000 ---p 00000000 00:00 0 
7f2edc901000-7f2edc9fe000 rw-p 00000000 00:00 0 
7f2edc9fe000-7f2edca02000 ---p 00000000 00:00 0 
7f2edca02000-7f2edcaff000 rw-p 00000000 00:00 0 
7f2edcaff000-7f2edcb03000 ---p 00000000 00:00 0 
7f2edcb03000-7f2edcd00000 rw-p 00000000 00:00 0 
7f2edcd00000-7f2edcdd0000 rw-p 00000000 00:00 0 
7f2edcdd0000-7f2edce00000 ---p 00000000 00:00 0 
7f2edce00000-7f2edd3b0000 rw-p 00000000 00:00 0 
7f2edd3b0000-7f2edd400000 ---p 00000000 00:00 0 
7f2edd400000-7f2eddc00000 rw-p 00000000 00:00 0 
7f2eddcfd000-7f2eddd01000 ---p 00000000 00:00 0 
7f2eddd01000-7f2edddfe000 rw-p 00000000 00:00 0 
7f2edddfe000-7f2edde02000 ---p 00000000 00:00 0 
7f2edde02000-7f2eddeff000 rw-p 00000000 00:00 0 
7f2eddeff000-7f2eddf03000 ---p 00000000 00:00 0 
7f2eddf03000-7f2ede180000 rw-p 00000000 00:00 0 
7f2ede180000-7f2ede200000 rw-p 00000000 00:00 0 
7f2ede200000-7f2ede800000 rw-p 00000000 00:00 0 
7f2ede800000-7f2ededc0000 rw-p 00000000 00:00 0 
7f2ededc0000-7f2edef00000 rw-p 00000000 00:00 0 
7f2edef00000-7f2edef40000 rw-p 00000000 00:00 0 
7f2edef40000-7f2edef80000 rw-p 00000000 00:00 0 
7f2edef80000-7f2edf000000 rw-p 00000000 00:00 0 
7f2edf0ba000-7f2edf0be000 ---p 00000000 00:00 0 
7f2edf0be000-7f2edf1bb000 rw-p 00000000 00:00 0 
7f2edf1f4000-7f2edf1f8000 ---p 00000000 00:00 0 
7f2edf1f8000-7f2edf2f5000 rw-p 00000000 00:00 0 
7f2edf2f5000-7f2edf2f7000 r-xp 00000000 00:39 21321                      /home/local/ZOHOCORP/pranav-pt5073/.p2/pool/plugins/org.eclipse.justj.openjdk.hotspot.jre.full.linux.x86_64_17.0.2.v20220201-1208/jre/lib/libextnet.so
7f2edf2f7000-7f2edf4f6000 ---p 00002000 00:39 21321                      /home/local/ZOHOCORP/pranav-pt5073/.p2/pool/plugins/org.eclipse.justj.openjdk.hotspot.jre.full.linux.x86_64_17.0.2.v20220201-1208/jre/lib/libextnet.so
7f2edf4f6000-7f2edf4f7000 r--p 00001000 00:39 21321                      /home/local/ZOHOCORP/pranav-pt5073/.p2/pool/plugins/org.eclipse.justj.openjdk.hotspot.jre.full.linux.x86_64_17.0.2.v20220201-1208/jre/lib/libextnet.so
7f2edf4f7000-7f2edf4f8000 rw-p 00002000 00:39 21321                      /home/local/ZOHOCORP/pranav-pt5073/.p2/pool/plugins/org.eclipse.justj.openjdk.hotspot.jre.full.linux.x86_64_17.0.2.v20220201-1208/jre/lib/libextnet.so
7f2edf4f8000-7f2edf4fc000 ---p 00000000 00:00 0 
7f2edf4fc000-7f2edf5f9000 rw-p 00000000 00:00 0 
7f2edf5f9000-7f2edf5fe000 r-xp 00000000 00:39 21319                      /home/local/ZOHOCORP/pranav-pt5073/.p2/pool/plugins/org.eclipse.justj.openjdk.hotspot.jre.full.linux.x86_64_17.0.2.v20220201-1208/jre/lib/libmanagement_ext.so
7f2edf5fe000-7f2edf7fe000 ---p 00005000 00:39 21319                      /home/local/ZOHOCORP/pranav-pt5073/.p2/pool/plugins/org.eclipse.justj.openjdk.hotspot.jre.full.linux.x86_64_17.0.2.v20220201-1208/jre/lib/libmanagement_ext.so
7f2edf7fe000-7f2edf7ff000 r--p 00005000 00:39 21319                      /home/local/ZOHOCORP/pranav-pt5073/.p2/pool/plugins/org.eclipse.justj.openjdk.hotspot.jre.full.linux.x86_64_17.0.2.v20220201-1208/jre/lib/libmanagement_ext.so
7f2edf7ff000-7f2edf800000 rw-p 00006000 00:39 21319                      /home/local/ZOHOCORP/pranav-pt5073/.p2/pool/plugins/org.eclipse.justj.openjdk.hotspot.jre.full.linux.x86_64_17.0.2.v20220201-1208/jre/lib/libmanagement_ext.so
7f2edf800000-7f2edfb00000 rw-p 00000000 00:00 0 
7f2edfb00000-7f2edfc00000 rw-p 00000000 00:00 0 
7f2edfc00000-7f2edfd80000 rw-p 00000000 00:00 0 
7f2edfd80000-7f2edff00000 rw-p 00000000 00:00 0 
7f2edff00000-7f2ee0000000 rw-p 00000000 00:00 0 
7f2ee0000000-7f2ee0021000 rw-p 00000000 00:00 0 
7f2ee0021000-7f2ee4000000 ---p 00000000 00:00 0 
7f2ee4000000-7f2ee4081000 rw-p 00000000 00:00 0 
7f2ee4081000-7f2ee8000000 ---p 00000000 00:00 0 
7f2ee8000000-7f2ee8021000 rw-p 00000000 00:00 0 
7f2ee8021000-7f2eec000000 ---p 00000000 00:00 0 
7f2eec000000-7f2eec411000 rw-p 00000000 00:00 0 
7f2eec411000-7f2ef0000000 ---p 00000000 00:00 0 
7f2ef0000000-7f2ef0021000 rw-p 00000000 00:00 0 
7f2ef0021000-7f2ef4000000 ---p 00000000 00:00 0 
7f2ef4000000-7f2ef4021000 rw-p 00000000 00:00 0 
7f2ef4021000-7f2ef8000000 ---p 00000000 00:00 0 
7f2ef8000000-7f2ef8036000 rw-p 00000000 00:00 0 
7f2ef8036000-7f2efc000000 ---p 00000000 00:00 0 
7f2efc000000-7f2efc021000 rw-p 00000000 00:00 0 
7f2efc021000-7f2f00000000 ---p 00000000 00:00 0 
7f2f00000000-7f2f00021000 rw-p 00000000 00:00 0 
7f2f00021000-7f2f04000000 ---p 00000000 00:00 0 
7f2f04000000-7f2f04021000 rw-p 00000000 00:00 0 
7f2f04021000-7f2f08000000 ---p 00000000 00:00 0 
7f2f08000000-7f2f08021000 rw-p 00000000 00:00 0 
7f2f08021000-7f2f0c000000 ---p 00000000 00:00 0 
7f2f0c000000-7f2f0c021000 rw-p 00000000 00:00 0 
7f2f0c021000-7f2f10000000 ---p 00000000 00:00 0 
7f2f10000000-7f2f10021000 rw-p 00000000 00:00 0 
7f2f10021000-7f2f14000000 ---p 00000000 00:00 0 
7f2f14000000-7f2f14021000 rw-p 00000000 00:00 0 
7f2f14021000-7f2f18000000 ---p 00000000 00:00 0 
7f2f18000000-7f2f18021000 rw-p 00000000 00:00 0 
7f2f18021000-7f2f1c000000 ---p 00000000 00:00 0 
7f2f1c000000-7f2f1c6ba000 rw-p 00000000 00:00 0 
7f2f1c6ba000-7f2f20000000 ---p 00000000 00:00 0 
7f2f20000000-7f2f20f17000 rw-p 00000000 00:00 0 
7f2f20f17000-7f2f24000000 ---p 00000000 00:00 0 
7f2f24000000-7f2f24069000 rw-p 00000000 00:00 0 
7f2f24069000-7f2f28000000 ---p 00000000 00:00 0 
7f2f28000000-7f2f28021000 rw-p 00000000 00:00 0 
7f2f28021000-7f2f2c000000 ---p 00000000 00:00 0 
7f2f2c000000-7f2f2dc83000 rw-p 00000000 00:00 0 
7f2f2dc83000-7f2f30000000 ---p 00000000 00:00 0 
7f2f30000000-7f2f30021000 rw-p 00000000 00:00 0 
7f2f30021000-7f2f34000000 ---p 00000000 00:00 0 
7f2f34000000-7f2f34021000 rw-p 00000000 00:00 0 
7f2f34021000-7f2f38000000 ---p 00000000 00:00 0 
7f2f38000000-7f2f38021000 rw-p 00000000 00:00 0 
7f2f38021000-7f2f3c000000 ---p 00000000 00:00 0 
7f2f3c000000-7f2f3c300000 rw-p 00000000 00:00 0 
7f2f3c300000-7f2f3c400000 rw-p 00000000 00:00 0 
7f2f3c400000-7f2f3c800000 rw-p 00000000 00:00 0 
7f2f3c800000-7f2f3cb00000 rw-p 00000000 00:00 0 
7f2f3cb00000-7f2f3cc00000 rw-p 00000000 00:00 0 
7f2f3cc00000-7f2f3cf80000 rw-p 00000000 00:00 0 
7f2f3cf80000-7f2f3d000000 rw-p 00000000 00:00 0 
7f2f3d0d8000-7f2f3d0dc000 r-xp 00000000 00:39 21308                      /home/local/ZOHOCORP/pranav-pt5073/.p2/pool/plugins/org.eclipse.justj.openjdk.hotspot.jre.full.linux.x86_64_17.0.2.v20220201-1208/jre/lib/libmanagement.so
7f2f3d0dc000-7f2f3d2db000 ---p 00004000 00:39 21308                      /home/local/ZOHOCORP/pranav-pt5073/.p2/pool/plugins/org.eclipse.justj.openjdk.hotspot.jre.full.linux.x86_64_17.0.2.v20220201-1208/jre/lib/libmanagement.so
7f2f3d2db000-7f2f3d2dc000 r--p 00003000 00:39 21308                      /home/local/ZOHOCORP/pranav-pt5073/.p2/pool/plugins/org.eclipse.justj.openjdk.hotspot.jre.full.linux.x86_64_17.0.2.v20220201-1208/jre/lib/libmanagement.so
7f2f3d2dc000-7f2f3d2dd000 rw-p 00004000 00:39 21308                      /home/local/ZOHOCORP/pranav-pt5073/.p2/pool/plugins/org.eclipse.justj.openjdk.hotspot.jre.full.linux.x86_64_17.0.2.v20220201-1208/jre/lib/libmanagement.so
7f2f3d2dd000-7f2f3d2e1000 ---p 00000000 00:00 0 
7f2f3d2e1000-7f2f3d3de000 rw-p 00000000 00:00 0 
7f2f3d3de000-7f2f3d3df000 ---p 00000000 00:00 0 
7f2f3d3df000-7f2f3d4e0000 rw-p 00000000 00:00 0 
7f2f3d4e0000-7f2f3d4e4000 ---p 00000000 00:00 0 
7f2f3d4e4000-7f2f3d5e1000 rw-p 00000000 00:00 0 
7f2f3d5e1000-7f2f3d5e2000 ---p 00000000 00:00 0 
7f2f3d5e2000-7f2f3d6e3000 rw-p 00000000 00:00 0 
7f2f3d6e3000-7f2f3d6e4000 ---p 00000000 00:00 0 
7f2f3d6e4000-7f2f3d7e5000 rw-p 00000000 00:00 0 
7f2f3d7e5000-7f2f3d7e6000 ---p 00000000 00:00 0 
7f2f3d7e6000-7f2f3d8e7000 rw-p 00000000 00:00 0 
7f2f3d8e7000-7f2f3d8e8000 ---p 00000000 00:00 0 
7f2f3d8e8000-7f2f3d9e9000 rw-p 00000000 00:00 0 
7f2f3d9e9000-7f2f3d9ea000 ---p 00000000 00:00 0 
7f2f3d9ea000-7f2f3daeb000 rw-p 00000000 00:00 0 
7f2f3daeb000-7f2f3daec000 ---p 00000000 00:00 0 
7f2f3daec000-7f2f3dbed000 rw-p 00000000 00:00 0 
7f2f3dbed000-7f2f3dbee000 ---p 00000000 00:00 0 
7f2f3dbee000-7f2f3dcef000 rw-p 00000000 00:00 0 
7f2f3dcef000-7f2f3dcfc000 r-xp 00000000 00:39 21286                      /home/local/ZOHOCORP/pranav-pt5073/.p2/pool/plugins/org.eclipse.justj.openjdk.hotspot.jre.full.linux.x86_64_17.0.2.v20220201-1208/jre/lib/libverify.so
7f2f3dcfc000-7f2f3defb000 ---p 0000d000 00:39 21286                      /home/local/ZOHOCORP/pranav-pt5073/.p2/pool/plugins/org.eclipse.justj.openjdk.hotspot.jre.full.linux.x86_64_17.0.2.v20220201-1208/jre/lib/libverify.so
7f2f3defb000-7f2f3defd000 r--p 0000c000 00:39 21286                      /home/local/ZOHOCORP/pranav-pt5073/.p2/pool/plugins/org.eclipse.justj.openjdk.hotspot.jre.full.linux.x86_64_17.0.2.v20220201-1208/jre/lib/libverify.so
7f2f3defd000-7f2f3defe000 rw-p 0000e000 00:39 21286                      /home/local/ZOHOCORP/pranav-pt5073/.p2/pool/plugins/org.eclipse.justj.openjdk.hotspot.jre.full.linux.x86_64_17.0.2.v20220201-1208/jre/lib/libverify.so
7f2f3defe000-7f2f3deff000 ---p 00000000 00:00 0 
7f2f3deff000-7f2f3e100000 rw-p 00000000 00:00 0 
7f2f3e100000-7f2f3e300000 rw-p 00000000 00:00 0 
7f2f3e300000-7f2f3e3c0000 rw-p 00000000 00:00 0 
7f2f3e3c0000-7f2f3e400000 rw-p 00000000 00:00 0 
7f2f3e400000-7f2f3e500000 rw-p 00000000 00:00 0 
7f2f3e500000-7f2f3e700000 rw-p 00000000 00:00 0 
7f2f3e700000-7f2f3e800000 rw-p 00000000 00:00 0 
7f2f3e855000-7f2f3e859000 ---p 00000000 00:00 0 
7f2f3e859000-7f2f3e956000 rw-p 00000000 00:00 0 
7f2f3e956000-7f2f3e96b000 r-xp 00000000 00:39 21293                      /home/local/ZOHOCORP/pranav-pt5073/.p2/pool/plugins/org.eclipse.justj.openjdk.hotspot.jre.full.linux.x86_64_17.0.2.v20220201-1208/jre/lib/libnet.so
7f2f3e96b000-7f2f3eb6a000 ---p 00015000 00:39 21293                      /home/local/ZOHOCORP/pranav-pt5073/.p2/pool/plugins/org.eclipse.justj.openjdk.hotspot.jre.full.linux.x86_64_17.0.2.v20220201-1208/jre/lib/libnet.so
7f2f3eb6a000-7f2f3eb6b000 r--p 00014000 00:39 21293                      /home/local/ZOHOCORP/pranav-pt5073/.p2/pool/plugins/org.eclipse.justj.openjdk.hotspot.jre.full.linux.x86_64_17.0.2.v20220201-1208/jre/lib/libnet.so
7f2f3eb6b000-7f2f3eb6c000 rw-p 00015000 00:39 21293                      /home/local/ZOHOCORP/pranav-pt5073/.p2/pool/plugins/org.eclipse.justj.openjdk.hotspot.jre.full.linux.x86_64_17.0.2.v20220201-1208/jre/lib/libnet.so
7f2f3eb6c000-7f2f3eb7e000 r-xp 00000000 00:39 21287                      /home/local/ZOHOCORP/pranav-pt5073/.p2/pool/plugins/org.eclipse.justj.openjdk.hotspot.jre.full.linux.x86_64_17.0.2.v20220201-1208/jre/lib/libnio.so
7f2f3eb7e000-7f2f3ed7d000 ---p 00012000 00:39 21287                      /home/local/ZOHOCORP/pranav-pt5073/.p2/pool/plugins/org.eclipse.justj.openjdk.hotspot.jre.full.linux.x86_64_17.0.2.v20220201-1208/jre/lib/libnio.so
7f2f3ed7d000-7f2f3ed7e000 r--p 00011000 00:39 21287                      /home/local/ZOHOCORP/pranav-pt5073/.p2/pool/plugins/org.eclipse.justj.openjdk.hotspot.jre.full.linux.x86_64_17.0.2.v20220201-1208/jre/lib/libnio.so
7f2f3ed7e000-7f2f3ed7f000 rw-p 00012000 00:39 21287                      /home/local/ZOHOCORP/pranav-pt5073/.p2/pool/plugins/org.eclipse.justj.openjdk.hotspot.jre.full.linux.x86_64_17.0.2.v20220201-1208/jre/lib/libnio.so
7f2f3ed7f000-7f2f3ed83000 ---p 00000000 00:00 0 
7f2f3ed83000-7f2f3ee80000 rw-p 00000000 00:00 0 
7f2f3ee80000-7f2f3ee84000 ---p 00000000 00:00 0 
7f2f3ee84000-7f2f3ef81000 rw-p 00000000 00:00 0 
7f2f3ef81000-7f2f3ef85000 ---p 00000000 00:00 0 
7f2f3ef85000-7f2f3f082000 rw-p 00000000 00:00 0 
7f2f3f082000-7f2f3f087000 r-xp 00000000 00:39 21317                      /home/local/ZOHOCORP/pranav-pt5073/.p2/pool/plugins/org.eclipse.justj.openjdk.hotspot.jre.full.linux.x86_64_17.0.2.v20220201-1208/jre/lib/libdt_socket.so
7f2f3f087000-7f2f3f286000 ---p 00005000 00:39 21317                      /home/local/ZOHOCORP/pranav-pt5073/.p2/pool/plugins/org.eclipse.justj.openjdk.hotspot.jre.full.linux.x86_64_17.0.2.v20220201-1208/jre/lib/libdt_socket.so
7f2f3f286000-7f2f3f287000 r--p 00004000 00:39 21317                      /home/local/ZOHOCORP/pranav-pt5073/.p2/pool/plugins/org.eclipse.justj.openjdk.hotspot.jre.full.linux.x86_64_17.0.2.v20220201-1208/jre/lib/libdt_socket.so
7f2f3f287000-7f2f3f288000 rw-p 00005000 00:39 21317                      /home/local/ZOHOCORP/pranav-pt5073/.p2/pool/plugins/org.eclipse.justj.openjdk.hotspot.jre.full.linux.x86_64_17.0.2.v20220201-1208/jre/lib/libdt_socket.so
7f2f3f288000-7f2f3f28c000 ---p 00000000 00:00 0 
7f2f3f28c000-7f2f3f389000 rw-p 00000000 00:00 0 
7f2f3f389000-7f2f3f38d000 ---p 00000000 00:00 0 
7f2f3f38d000-7f2f3f48a000 rw-p 00000000 00:00 0 
7f2f3f48a000-7f2f3f48e000 ---p 00000000 00:00 0 
7f2f3f48e000-7f2f3f58b000 rw-p 00000000 00:00 0 
7f2f3f58b000-7f2f3f58f000 ---p 00000000 00:00 0 
7f2f3f58f000-7f2f3f68c000 rw-p 00000000 00:00 0 
7f2f3f68c000-7f2f3f690000 ---p 00000000 00:00 0 
7f2f3f690000-7f2f3f78d000 rw-p 00000000 00:00 0 
7f2f3f78d000-7f2f3f791000 ---p 00000000 00:00 0 
7f2f3f791000-7f2f3f88e000 rw-p 00000000 00:00 0 
7f2f3f88e000-7f2f3f892000 ---p 00000000 00:00 0 
7f2f3f892000-7f2f3f98f000 rw-p 00000000 00:00 0 
7f2f3f98f000-7f2f3feff000 r--p 00000000 00:1c 6537061                    /usr/lib/locale/locale-archive
7f2f3feff000-7f2f3ff03000 ---p 00000000 00:00 0 
7f2f3ff03000-7f2f40000000 rw-p 00000000 00:00 0 
7f2f40000000-7f2f40026000 rw-p 00000000 00:00 0 
7f2f40026000-7f2f44000000 ---p 00000000 00:00 0 
7f2f44000000-7f2f44021000 rw-p 00000000 00:00 0 
7f2f44021000-7f2f48000000 ---p 00000000 00:00 0 
7f2f48000000-7f2f48021000 rw-p 00000000 00:00 0 
7f2f48021000-7f2f4c000000 ---p 00000000 00:00 0 
7f2f4c000000-7f2f4c021000 rw-p 00000000 00:00 0 
7f2f4c021000-7f2f50000000 ---p 00000000 00:00 0 
7f2f50000000-7f2f50021000 rw-p 00000000 00:00 0 
7f2f50021000-7f2f54000000 ---p 00000000 00:00 0 
7f2f54000000-7f2f54021000 rw-p 00000000 00:00 0 
7f2f54021000-7f2f58000000 ---p 00000000 00:00 0 
7f2f58000000-7f2f58021000 rw-p 00000000 00:00 0 
7f2f58021000-7f2f5c000000 ---p 00000000 00:00 0 
7f2f5c0f6000-7f2f5c0fa000 ---p 00000000 00:00 0 
7f2f5c0fa000-7f2f5c1f7000 rw-p 00000000 00:00 0 
7f2f5c1f7000-7f2f5c1fe000 r-xp 00000000 00:39 21282                      /home/local/ZOHOCORP/pranav-pt5073/.p2/pool/plugins/org.eclipse.justj.openjdk.hotspot.jre.full.linux.x86_64_17.0.2.v20220201-1208/jre/lib/libzip.so
7f2f5c1fe000-7f2f5c3fe000 ---p 00007000 00:39 21282                      /home/local/ZOHOCORP/pranav-pt5073/.p2/pool/plugins/org.eclipse.justj.openjdk.hotspot.jre.full.linux.x86_64_17.0.2.v20220201-1208/jre/lib/libzip.so
7f2f5c3fe000-7f2f5c3ff000 r--p 00007000 00:39 21282                      /home/local/ZOHOCORP/pranav-pt5073/.p2/pool/plugins/org.eclipse.justj.openjdk.hotspot.jre.full.linux.x86_64_17.0.2.v20220201-1208/jre/lib/libzip.so
7f2f5c3ff000-7f2f5c400000 rw-p 00008000 00:39 21282                      /home/local/ZOHOCORP/pranav-pt5073/.p2/pool/plugins/org.eclipse.justj.openjdk.hotspot.jre.full.linux.x86_64_17.0.2.v20220201-1208/jre/lib/libzip.so
7f2f5c400000-7f2f5c900000 rw-p 00000000 00:00 0 
7f2f5c900000-7f2f5c920000 rw-p 00000000 00:00 0 
7f2f5c920000-7f2f5c940000 rw-p 00000000 00:00 0 
7f2f5c940000-7f2f5c980000 rw-p 00000000 00:00 0 
7f2f5c980000-7f2f5cc00000 rw-p 00000000 00:00 0 
7f2f5ccf1000-7f2f5ccf2000 ---p 00000000 00:00 0 
7f2f5ccf2000-7f2f5cf10000 rw-p 00000000 00:00 0 
7f2f5cf10000-7f2f5cf11000 ---p 00000000 00:00 0 
7f2f5cf11000-7f2f5d012000 rw-p 00000000 00:00 0 
7f2f5d012000-7f2f5d013000 ---p 00000000 00:00 0 
7f2f5d013000-7f2f5f91c000 rw-p 00000000 00:00 0 
7f2f5f91c000-7f2f5f91d000 ---p 00000000 00:00 0 
7f2f5f91d000-7f2f5fa1e000 rw-p 00000000 00:00 0 
7f2f5fa1e000-7f2f5fa1f000 ---p 00000000 00:00 0 
7f2f5fa1f000-7f2f5fb20000 rw-p 00000000 00:00 0 
7f2f5fb20000-7f2f5fb21000 ---p 00000000 00:00 0 
7f2f5fb21000-7f2f5fdf2000 rw-p 00000000 00:00 0 
7f2f5fdf2000-7f2f5fe7a000 ---p 00000000 00:00 0 
7f2f5fe7a000-7f2f5fe82000 rw-p 00000000 00:00 0 
7f2f5fe82000-7f2f5fff2000 ---p 00000000 00:00 0 
7f2f5fff2000-7f2f5fffa000 rw-p 00000000 00:00 0 
7f2f5fffa000-7f2f6399a000 ---p 00000000 00:00 0 
7f2f6399a000-7f2f63b6a000 rw-p 00000000 00:00 0 
7f2f63b6a000-7f2f63bf2000 ---p 00000000 00:00 0 
7f2f63bf2000-7f2f63bfa000 rw-p 00000000 00:00 0 
7f2f63bfa000-7f2f63d6a000 ---p 00000000 00:00 0 
7f2f63d6a000-7f2f63d72000 rw-p 00000000 00:00 0 
7f2f63d72000-7f2f67712000 ---p 00000000 00:00 0 
7f2f67712000-7f2f6774c000 rw-p 00000000 00:00 0 
7f2f6774c000-7f2f6775d000 ---p 00000000 00:00 0 
7f2f6775d000-7f2f6775e000 rw-p 00000000 00:00 0 
7f2f6775e000-7f2f6778c000 ---p 00000000 00:00 0 
7f2f6778c000-7f2f6778d000 rw-p 00000000 00:00 0 
7f2f6778d000-7f2f67ec1000 ---p 00000000 00:00 0 
7f2f67ec1000-7f2f67efb000 rw-p 00000000 00:00 0 
7f2f67efb000-7f2f67f0c000 ---p 00000000 00:00 0 
7f2f67f0c000-7f2f67f0d000 rw-p 00000000 00:00 0 
7f2f67f0d000-7f2f67f3b000 ---p 00000000 00:00 0 
7f2f67f3b000-7f2f67f3c000 rw-p 00000000 00:00 0 
7f2f67f3c000-7f2f68670000 ---p 00000000 00:00 0 
7f2f68670000-7f2f686aa000 rw-p 00000000 00:00 0 
7f2f686aa000-7f2f686bb000 ---p 00000000 00:00 0 
7f2f686bb000-7f2f686bc000 rw-p 00000000 00:00 0 
7f2f686bc000-7f2f686ea000 ---p 00000000 00:00 0 
7f2f686ea000-7f2f686eb000 rw-p 00000000 00:00 0 
7f2f686eb000-7f2f68e1f000 ---p 00000000 00:00 0 
7f2f68e1f000-7f2f6962e000 rw-p 00000000 00:00 0 
7f2f6962e000-7f2f69712000 ---p 00000000 00:00 0 
7f2f69712000-7f2f6972a000 rw-p 00000000 00:00 0 
7f2f6972a000-7f2f697fd000 ---p 00000000 00:00 0 
7f2f697fd000-7f2f69a6d000 rwxp 00000000 00:00 0 
7f2f69a6d000-7f2f69d8f000 ---p 00000000 00:00 0 
7f2f69d8f000-7f2f6a96f000 rwxp 00000000 00:00 0 
7f2f6a96f000-7f2f712c6000 ---p 00000000 00:00 0 
7f2f712c6000-7f2f71606000 rwxp 00000000 00:00 0 
7f2f71606000-7f2f787fd000 ---p 00000000 00:00 0 
7f2f787fd000-7f2f78888000 r-xp 00000000 00:1c 365571                     /opt/pbis/lib/liblwbase_nothr.so.0.0.0
7f2f78888000-7f2f78988000 ---p 0008b000 00:1c 365571                     /opt/pbis/lib/liblwbase_nothr.so.0.0.0
7f2f78988000-7f2f789b4000 rw-p 0008b000 00:1c 365571                     /opt/pbis/lib/liblwbase_nothr.so.0.0.0
7f2f789b4000-7f2f789b6000 rw-p 00000000 00:00 0 
7f2f789b6000-7f2f7c000000 r--s 00000000 00:39 21281                      /home/local/ZOHOCORP/pranav-pt5073/.p2/pool/plugins/org.eclipse.justj.openjdk.hotspot.jre.full.linux.x86_64_17.0.2.v20220201-1208/jre/lib/modules
7f2f7c000000-7f2f7e31b000 rw-p 00000000 00:00 0 
7f2f7e31b000-7f2f80000000 ---p 00000000 00:00 0 
7f2f80010000-7f2f8008f000 rw-p 00000000 00:00 0 
7f2f8008f000-7f2f80092000 r-xp 00000000 00:1c 365575                     /opt/pbis/lib/libuuid.so.0.0.0
7f2f80092000-7f2f80191000 ---p 00003000 00:1c 365575                     /opt/pbis/lib/libuuid.so.0.0.0
7f2f80191000-7f2f80192000 rw-p 00002000 00:1c 365575                     /opt/pbis/lib/libuuid.so.0.0.0
7f2f80192000-7f2f801b7000 r-xp 00000000 00:1c 365600                     /opt/pbis/lib/liblsacommon.so.0.0.0
7f2f801b7000-7f2f802b7000 ---p 00025000 00:1c 365600                     /opt/pbis/lib/liblsacommon.so.0.0.0
7f2f802b7000-7f2f802c3000 rw-p 00025000 00:1c 365600                     /opt/pbis/lib/liblsacommon.so.0.0.0
7f2f802c3000-7f2f802ec000 r-xp 00000000 00:1c 365607                     /opt/pbis/lib/liblwadvapi_nothr.so.0.0.0
7f2f802ec000-7f2f803eb000 ---p 00029000 00:1c 365607                     /opt/pbis/lib/liblwadvapi_nothr.so.0.0.0
7f2f803eb000-7f2f803f4000 rw-p 00028000 00:1c 365607                     /opt/pbis/lib/liblwadvapi_nothr.so.0.0.0
7f2f803f4000-7f2f80412000 r-xp 00000000 00:1c 365567                     /opt/pbis/lib/liblwmsg_nothr.so.0.0.0
7f2f80412000-7f2f80511000 ---p 0001e000 00:1c 365567                     /opt/pbis/lib/liblwmsg_nothr.so.0.0.0
7f2f80511000-7f2f80514000 rw-p 0001d000 00:1c 365567                     /opt/pbis/lib/liblwmsg_nothr.so.0.0.0
7f2f80514000-7f2f80517000 r-xp 00000000 00:1c 365542                     /opt/pbis/lib/liblsaauth.so.0.0.0
7f2f80517000-7f2f80616000 ---p 00003000 00:1c 365542                     /opt/pbis/lib/liblsaauth.so.0.0.0
7f2f80616000-7f2f80617000 rw-p 00002000 00:1c 365542                     /opt/pbis/lib/liblsaauth.so.0.0.0
7f2f80617000-7f2f80633000 r-xp 00000000 00:1c 365613                     /opt/pbis/lib/liblsaclient.so.0.0.0
7f2f80633000-7f2f80733000 ---p 0001c000 00:1c 365613                     /opt/pbis/lib/liblsaclient.so.0.0.0
7f2f80733000-7f2f80734000 rw-p 0001c000 00:1c 365613                     /opt/pbis/lib/liblsaclient.so.0.0.0
7f2f80734000-7f2f80739000 r-xp 00000000 00:1c 365680                     /usr/lib/libnss_lsass.so.2
7f2f80739000-7f2f80839000 ---p 00005000 00:1c 365680                     /usr/lib/libnss_lsass.so.2
7f2f80839000-7f2f8083a000 rw-p 00005000 00:1c 365680                     /usr/lib/libnss_lsass.so.2
7f2f8083a000-7f2f80840000 r--p 00000000 00:1c 4506468                    /usr/lib/x86_64-linux-gnu/libnss_systemd.so.2
7f2f80840000-7f2f80866000 r-xp 00006000 00:1c 4506468                    /usr/lib/x86_64-linux-gnu/libnss_systemd.so.2
7f2f80866000-7f2f80872000 r--p 0002c000 00:1c 4506468                    /usr/lib/x86_64-linux-gnu/libnss_systemd.so.2
7f2f80872000-7f2f80875000 r--p 00037000 00:1c 4506468                    /usr/lib/x86_64-linux-gnu/libnss_systemd.so.2
7f2f80875000-7f2f80876000 rw-p 0003a000 00:1c 4506468                    /usr/lib/x86_64-linux-gnu/libnss_systemd.so.2
7f2f80876000-7f2f80879000 r--p 00000000 00:1c 6452358                    /usr/lib/x86_64-linux-gnu/libnss_files-2.31.so
7f2f80879000-7f2f80880000 r-xp 00003000 00:1c 6452358                    /usr/lib/x86_64-linux-gnu/libnss_files-2.31.so
7f2f80880000-7f2f80882000 r--p 0000a000 00:1c 6452358                    /usr/lib/x86_64-linux-gnu/libnss_files-2.31.so
7f2f80882000-7f2f80883000 r--p 0000b000 00:1c 6452358                    /usr/lib/x86_64-linux-gnu/libnss_files-2.31.so
7f2f80883000-7f2f80884000 rw-p 0000c000 00:1c 6452358                    /usr/lib/x86_64-linux-gnu/libnss_files-2.31.so
7f2f80884000-7f2f8088a000 rw-p 00000000 00:00 0 
7f2f80892000-7f2f80897000 rw-p 00000000 00:00 0 
7f2f80897000-7f2f8089e000 ---p 00000000 00:00 0 
7f2f8089e000-7f2f808a8000 r-xp 00000000 00:39 21307                      /home/local/ZOHOCORP/pranav-pt5073/.p2/pool/plugins/org.eclipse.justj.openjdk.hotspot.jre.full.linux.x86_64_17.0.2.v20220201-1208/jre/lib/libinstrument.so
7f2f808a8000-7f2f80aa7000 ---p 0000a000 00:39 21307                      /home/local/ZOHOCORP/pranav-pt5073/.p2/pool/plugins/org.eclipse.justj.openjdk.hotspot.jre.full.linux.x86_64_17.0.2.v20220201-1208/jre/lib/libinstrument.so
7f2f80aa7000-7f2f80aa8000 r--p 00009000 00:39 21307                      /home/local/ZOHOCORP/pranav-pt5073/.p2/pool/plugins/org.eclipse.justj.openjdk.hotspot.jre.full.linux.x86_64_17.0.2.v20220201-1208/jre/lib/libinstrument.so
7f2f80aa8000-7f2f80aa9000 rw-p 0000a000 00:39 21307                      /home/local/ZOHOCORP/pranav-pt5073/.p2/pool/plugins/org.eclipse.justj.openjdk.hotspot.jre.full.linux.x86_64_17.0.2.v20220201-1208/jre/lib/libinstrument.so
7f2f80aa9000-7f2f80acd000 r-xp 00000000 00:39 21294                      /home/local/ZOHOCORP/pranav-pt5073/.p2/pool/plugins/org.eclipse.justj.openjdk.hotspot.jre.full.linux.x86_64_17.0.2.v20220201-1208/jre/lib/libjava.so
7f2f80acd000-7f2f80ccd000 ---p 00024000 00:39 21294                      /home/local/ZOHOCORP/pranav-pt5073/.p2/pool/plugins/org.eclipse.justj.openjdk.hotspot.jre.full.linux.x86_64_17.0.2.v20220201-1208/jre/lib/libjava.so
7f2f80ccd000-7f2f80cce000 r--p 00024000 00:39 21294                      /home/local/ZOHOCORP/pranav-pt5073/.p2/pool/plugins/org.eclipse.justj.openjdk.hotspot.jre.full.linux.x86_64_17.0.2.v20220201-1208/jre/lib/libjava.so
7f2f80cce000-7f2f80ccf000 rw-p 00025000 00:39 21294                      /home/local/ZOHOCORP/pranav-pt5073/.p2/pool/plugins/org.eclipse.justj.openjdk.hotspot.jre.full.linux.x86_64_17.0.2.v20220201-1208/jre/lib/libjava.so
7f2f80ccf000-7f2f80cd0000 rw-p 00000000 00:00 0 
7f2f80cd0000-7f2f80d0f000 r-xp 00000000 00:39 21318                      /home/local/ZOHOCORP/pranav-pt5073/.p2/pool/plugins/org.eclipse.justj.openjdk.hotspot.jre.full.linux.x86_64_17.0.2.v20220201-1208/jre/lib/libjdwp.so
7f2f80d0f000-7f2f80f0e000 ---p 0003f000 00:39 21318                      /home/local/ZOHOCORP/pranav-pt5073/.p2/pool/plugins/org.eclipse.justj.openjdk.hotspot.jre.full.linux.x86_64_17.0.2.v20220201-1208/jre/lib/libjdwp.so
7f2f80f0e000-7f2f80f0f000 r--p 0003e000 00:39 21318                      /home/local/ZOHOCORP/pranav-pt5073/.p2/pool/plugins/org.eclipse.justj.openjdk.hotspot.jre.full.linux.x86_64_17.0.2.v20220201-1208/jre/lib/libjdwp.so
7f2f80f0f000-7f2f80f10000 rw-p 0003f000 00:39 21318                      /home/local/ZOHOCORP/pranav-pt5073/.p2/pool/plugins/org.eclipse.justj.openjdk.hotspot.jre.full.linux.x86_64_17.0.2.v20220201-1208/jre/lib/libjdwp.so
7f2f80f10000-7f2f80f11000 rw-p 00000000 00:00 0 
7f2f80f11000-7f2f80f2c000 r-xp 00000000 00:39 21283                      /home/local/ZOHOCORP/pranav-pt5073/.p2/pool/plugins/org.eclipse.justj.openjdk.hotspot.jre.full.linux.x86_64_17.0.2.v20220201-1208/jre/lib/libjimage.so
7f2f80f2c000-7f2f8112b000 ---p 0001b000 00:39 21283                      /home/local/ZOHOCORP/pranav-pt5073/.p2/pool/plugins/org.eclipse.justj.openjdk.hotspot.jre.full.linux.x86_64_17.0.2.v20220201-1208/jre/lib/libjimage.so
7f2f8112b000-7f2f8112d000 r--p 0001a000 00:39 21283                      /home/local/ZOHOCORP/pranav-pt5073/.p2/pool/plugins/org.eclipse.justj.openjdk.hotspot.jre.full.linux.x86_64_17.0.2.v20220201-1208/jre/lib/libjimage.so
7f2f8112d000-7f2f8112e000 rw-p 0001c000 00:39 21283                      /home/local/ZOHOCORP/pranav-pt5073/.p2/pool/plugins/org.eclipse.justj.openjdk.hotspot.jre.full.linux.x86_64_17.0.2.v20220201-1208/jre/lib/libjimage.so
7f2f8112e000-7f2f81132000 ---p 00000000 00:00 0 
7f2f81132000-7f2f8122f000 rw-p 00000000 00:00 0 
7f2f8122f000-7f2f8123c000 r--p 00000000 00:1c 6452352                    /usr/lib/x86_64-linux-gnu/libm-2.31.so
7f2f8123c000-7f2f812e3000 r-xp 0000d000 00:1c 6452352                    /usr/lib/x86_64-linux-gnu/libm-2.31.so
7f2f812e3000-7f2f8137c000 r--p 000b4000 00:1c 6452352                    /usr/lib/x86_64-linux-gnu/libm-2.31.so
7f2f8137c000-7f2f8137d000 r--p 0014c000 00:1c 6452352                    /usr/lib/x86_64-linux-gnu/libm-2.31.so
7f2f8137d000-7f2f8137e000 rw-p 0014d000 00:1c 6452352                    /usr/lib/x86_64-linux-gnu/libm-2.31.so
7f2f8137e000-7f2f81380000 r--p 00000000 00:1c 6452365                    /usr/lib/x86_64-linux-gnu/librt-2.31.so
7f2f81380000-7f2f81384000 r-xp 00002000 00:1c 6452365                    /usr/lib/x86_64-linux-gnu/librt-2.31.so
7f2f81384000-7f2f81386000 r--p 00006000 00:1c 6452365                    /usr/lib/x86_64-linux-gnu/librt-2.31.so
7f2f81386000-7f2f81387000 r--p 00007000 00:1c 6452365                    /usr/lib/x86_64-linux-gnu/librt-2.31.so
7f2f81387000-7f2f81388000 rw-p 00008000 00:1c 6452365                    /usr/lib/x86_64-linux-gnu/librt-2.31.so
7f2f81388000-7f2f8266c000 r-xp 00000000 00:39 21271                      /home/local/ZOHOCORP/pranav-pt5073/.p2/pool/plugins/org.eclipse.justj.openjdk.hotspot.jre.full.linux.x86_64_17.0.2.v20220201-1208/jre/lib/server/libjvm.so
7f2f8266c000-7f2f8286c000 ---p 012e4000 00:39 21271                      /home/local/ZOHOCORP/pranav-pt5073/.p2/pool/plugins/org.eclipse.justj.openjdk.hotspot.jre.full.linux.x86_64_17.0.2.v20220201-1208/jre/lib/server/libjvm.so
7f2f8286c000-7f2f82925000 r--p 012e4000 00:39 21271                      /home/local/ZOHOCORP/pranav-pt5073/.p2/pool/plugins/org.eclipse.justj.openjdk.hotspot.jre.full.linux.x86_64_17.0.2.v20220201-1208/jre/lib/server/libjvm.so
7f2f82925000-7f2f8295a000 rw-p 0139d000 00:39 21271                      /home/local/ZOHOCORP/pranav-pt5073/.p2/pool/plugins/org.eclipse.justj.openjdk.hotspot.jre.full.linux.x86_64_17.0.2.v20220201-1208/jre/lib/server/libjvm.so
7f2f8295a000-7f2f829b5000 rw-p 00000000 00:00 0 
7f2f829b5000-7f2f829d7000 r--p 00000000 00:1c 6452350                    /usr/lib/x86_64-linux-gnu/libc-2.31.so
7f2f829d7000-7f2f82b4f000 r-xp 00022000 00:1c 6452350                    /usr/lib/x86_64-linux-gnu/libc-2.31.so
7f2f82b4f000-7f2f82b9d000 r--p 0019a000 00:1c 6452350                    /usr/lib/x86_64-linux-gnu/libc-2.31.so
7f2f82b9d000-7f2f82ba1000 r--p 001e7000 00:1c 6452350                    /usr/lib/x86_64-linux-gnu/libc-2.31.so
7f2f82ba1000-7f2f82ba3000 rw-p 001eb000 00:1c 6452350                    /usr/lib/x86_64-linux-gnu/libc-2.31.so
7f2f82ba3000-7f2f82ba7000 rw-p 00000000 00:00 0 
7f2f82ba7000-7f2f82ba8000 r--p 00000000 00:1c 6452351                    /usr/lib/x86_64-linux-gnu/libdl-2.31.so
7f2f82ba8000-7f2f82baa000 r-xp 00001000 00:1c 6452351                    /usr/lib/x86_64-linux-gnu/libdl-2.31.so
7f2f82baa000-7f2f82bab000 r--p 00003000 00:1c 6452351                    /usr/lib/x86_64-linux-gnu/libdl-2.31.so
7f2f82bab000-7f2f82bac000 r--p 00003000 00:1c 6452351                    /usr/lib/x86_64-linux-gnu/libdl-2.31.so
7f2f82bac000-7f2f82bad000 rw-p 00004000 00:1c 6452351                    /usr/lib/x86_64-linux-gnu/libdl-2.31.so
7f2f82bad000-7f2f82bb3000 r--p 00000000 00:1c 6452363                    /usr/lib/x86_64-linux-gnu/libpthread-2.31.so
7f2f82bb3000-7f2f82bc4000 r-xp 00006000 00:1c 6452363                    /usr/lib/x86_64-linux-gnu/libpthread-2.31.so
7f2f82bc4000-7f2f82bca000 r--p 00017000 00:1c 6452363                    /usr/lib/x86_64-linux-gnu/libpthread-2.31.so
7f2f82bca000-7f2f82bcb000 r--p 0001c000 00:1c 6452363                    /usr/lib/x86_64-linux-gnu/libpthread-2.31.so
7f2f82bcb000-7f2f82bcc000 rw-p 0001d000 00:1c 6452363                    /usr/lib/x86_64-linux-gnu/libpthread-2.31.so
7f2f82bcc000-7f2f82bd0000 rw-p 00000000 00:00 0 
7f2f82bd0000-7f2f82bdf000 r-xp 00000000 00:39 21290                      /home/local/ZOHOCORP/pranav-pt5073/.p2/pool/plugins/org.eclipse.justj.openjdk.hotspot.jre.full.linux.x86_64_17.0.2.v20220201-1208/jre/lib/libjli.so
7f2f82bdf000-7f2f82ddf000 ---p 0000f000 00:39 21290                      /home/local/ZOHOCORP/pranav-pt5073/.p2/pool/plugins/org.eclipse.justj.openjdk.hotspot.jre.full.linux.x86_64_17.0.2.v20220201-1208/jre/lib/libjli.so
7f2f82ddf000-7f2f82de0000 r--p 0000f000 00:39 21290                      /home/local/ZOHOCORP/pranav-pt5073/.p2/pool/plugins/org.eclipse.justj.openjdk.hotspot.jre.full.linux.x86_64_17.0.2.v20220201-1208/jre/lib/libjli.so
7f2f82de0000-7f2f82de1000 rw-p 00010000 00:39 21290                      /home/local/ZOHOCORP/pranav-pt5073/.p2/pool/plugins/org.eclipse.justj.openjdk.hotspot.jre.full.linux.x86_64_17.0.2.v20220201-1208/jre/lib/libjli.so
7f2f82de1000-7f2f82de3000 r--p 00000000 00:1c 4219425                    /usr/lib/x86_64-linux-gnu/libz.so.1.2.11
7f2f82de3000-7f2f82df4000 r-xp 00002000 00:1c 4219425                    /usr/lib/x86_64-linux-gnu/libz.so.1.2.11
7f2f82df4000-7f2f82dfa000 r--p 00013000 00:1c 4219425                    /usr/lib/x86_64-linux-gnu/libz.so.1.2.11
7f2f82dfa000-7f2f82dfb000 ---p 00019000 00:1c 4219425                    /usr/lib/x86_64-linux-gnu/libz.so.1.2.11
7f2f82dfb000-7f2f82dfc000 r--p 00019000 00:1c 4219425                    /usr/lib/x86_64-linux-gnu/libz.so.1.2.11
7f2f82dfc000-7f2f82dfd000 rw-p 0001a000 00:1c 4219425                    /usr/lib/x86_64-linux-gnu/libz.so.1.2.11
7f2f82e00000-7f2f82e07000 r--s 00000000 00:1c 6452617                    /usr/lib/x86_64-linux-gnu/gconv/gconv-modules.cache
7f2f82e07000-7f2f82e0f000 rw-s 00000000 00:1c 6663196                    /tmp/hsperfdata_pranav-pt5073/537047
7f2f82e0f000-7f2f82e10000 ---p 00000000 00:00 0 
7f2f82e10000-7f2f82e11000 r--p 00000000 00:00 0 
7f2f82e11000-7f2f82e13000 rw-p 00000000 00:00 0 
7f2f82e13000-7f2f82e14000 r--p 00000000 00:1c 6452346                    /usr/lib/x86_64-linux-gnu/ld-2.31.so
7f2f82e14000-7f2f82e37000 r-xp 00001000 00:1c 6452346                    /usr/lib/x86_64-linux-gnu/ld-2.31.so
7f2f82e37000-7f2f82e3f000 r--p 00024000 00:1c 6452346                    /usr/lib/x86_64-linux-gnu/ld-2.31.so
7f2f82e3f000-7f2f82e40000 ---p 00000000 00:00 0 
7f2f82e40000-7f2f82e41000 r--p 0002c000 00:1c 6452346                    /usr/lib/x86_64-linux-gnu/ld-2.31.so
7f2f82e41000-7f2f82e42000 rw-p 0002d000 00:1c 6452346                    /usr/lib/x86_64-linux-gnu/ld-2.31.so
7f2f82e42000-7f2f82e43000 rw-p 00000000 00:00 0 
7ffc7eeb0000-7ffc7eed3000 rw-p 00000000 00:00 0                          [stack]
7ffc7efa0000-7ffc7efa4000 r--p 00000000 00:00 0                          [vvar]
7ffc7efa4000-7ffc7efa6000 r-xp 00000000 00:00 0                          [vdso]
ffffffffff600000-ffffffffff601000 --xp 00000000 00:00 0                  [vsyscall]


VM Arguments:
jvm_args: -XX:+ShowCodeDetailsInExceptionMessages -agentlib:jdwp=transport=dt_socket,suspend=y,address=localhost:36931 -javaagent:/home/local/ZOHOCORP/pranav-pt5073/eclipse/jee-2021-12/eclipse/configuration/org.eclipse.osgi/416/0/.cp/lib/javaagent-shaded.jar -Dfile.encoding=UTF-8 
java_command: com.onebox.onebox.OneboxApplication
java_class_path (initial): /home/local/ZOHOCORP/pranav-pt5073/eclipse-workspace/taskapp/target/classes:/home/local/ZOHOCORP/pranav-pt5073/.m2/repository/org/springframework/boot/spring-boot-starter-data-jpa/3.2.1/spring-boot-starter-data-jpa-3.2.1.jar:/home/local/ZOHOCORP/pranav-pt5073/.m2/repository/org/springframework/boot/spring-boot-starter-aop/3.2.1/spring-boot-starter-aop-3.2.1.jar:/home/local/ZOHOCORP/pranav-pt5073/.m2/repository/org/springframework/spring-aop/6.1.2/spring-aop-6.1.2.jar:/home/local/ZOHOCORP/pranav-pt5073/.m2/repository/org/aspectj/aspectjweaver/1.9.21/aspectjweaver-1.9.21.jar:/home/local/ZOHOCORP/pranav-pt5073/.m2/repository/org/springframework/boot/spring-boot-starter-jdbc/3.2.1/spring-boot-starter-jdbc-3.2.1.jar:/home/local/ZOHOCORP/pranav-pt5073/.m2/repository/com/zaxxer/HikariCP/5.0.1/HikariCP-5.0.1.jar:/home/local/ZOHOCORP/pranav-pt5073/.m2/repository/org/springframework/spring-jdbc/6.1.2/spring-jdbc-6.1.2.jar:/home/local/ZOHOCORP/pranav-pt5073/.m2/repository/org/springframework/data/spring-data-jpa/3.2.1/spring-data-jpa-3.2.1.jar:/home/local/ZOHOCORP/pranav-pt5073/.m2/repository/org/springframework/data/spring-data-commons/3.2.1/spring-data-commons-3.2.1.jar:/home/local/ZOHOCORP/pranav-pt5073/.m2/repository/org/springframework/spring-orm/6.1.2/spring-orm-6.1.2.jar:/home/local/ZOHOCORP/pranav-pt5073/.m2/repository/org/springframework/spring-context/6.1.2/spring-context-6.1.2.jar:/home/local/ZOHOCORP/pranav-pt5073/.m2/repository/org/springframework/spring-tx/6.1.2/spring-tx-6.1.2.jar:/home/local/ZOHOCORP/pranav-pt5073/.m2/repository/org/springframework/spring-beans/6.1.2/spring-beans-6.1.2.jar:/home/local/ZOHOCORP/pranav-pt5073/.m2/repository/jakarta/annotation/jakarta.annotation-api/2.1.1/jakarta.annotation-api-2.1.1.jar:/home/local/ZOHOCORP/pranav-pt5073/.m2/repository/org/slf4j/slf4j-api/2.0.9/slf4j-api-2.0.9.jar:/home/local/ZOHOCORP/pranav-pt5073/.m2/repository/org/springframework/spring-aspects/6.1.2/spring-aspects-6.1.2.jar:/home/
Launcher Type: SUN_STANDARD

[Global flags]
     intx CICompilerCount                          = 4                                         {product} {ergonomic}
     uint ConcGCThreads                            = 2                                         {product} {ergonomic}
     uint G1ConcRefinementThreads                  = 8                                         {product} {ergonomic}
   size_t G1HeapRegionSize                         = 2097152                                   {product} {ergonomic}
    uintx GCDrainStackTargetSize                   = 64                                        {product} {ergonomic}
   size_t InitialHeapSize                          = 257949696                                 {product} {ergonomic}
   size_t MarkStackSize                            = 4194304                                   {product} {ergonomic}
   size_t MaxHeapSize                              = 4125097984                                {product} {ergonomic}
   size_t MaxNewSize                               = 2474639360                                {product} {ergonomic}
   size_t MinHeapDeltaBytes                        = 2097152                                   {product} {ergonomic}
   size_t MinHeapSize                              = 8388608                                   {product} {ergonomic}
    uintx NonNMethodCodeHeapSize                   = 5839372                                {pd product} {ergonomic}
    uintx NonProfiledCodeHeapSize                  = 122909434                              {pd product} {ergonomic}
    uintx ProfiledCodeHeapSize                     = 122909434                              {pd product} {ergonomic}
    uintx ReservedCodeCacheSize                    = 251658240                              {pd product} {ergonomic}
     bool SegmentedCodeCache                       = true                                      {product} {ergonomic}
     bool ShowCodeDetailsInExceptionMessages       = true                                   {manageable} {command line}
   size_t SoftMaxHeapSize                          = 4125097984                             {manageable} {ergonomic}
     bool UseCompressedClassPointers               = true                           {product lp64_product} {ergonomic}
     bool UseCompressedOops                        = true                           {product lp64_product} {ergonomic}
     bool UseG1GC                                  = true                                      {product} {ergonomic}

Logging:
Log output configuration:
 #0: stdout all=warning uptime,level,tags
 #1: stderr all=off uptime,level,tags

Environment Variables:
PATH=/home/local/ZOHOCORP/pranav-pt5073/.local/bin:/usr/local/sbin:/usr/local/bin:/usr/sbin:/usr/bin:/sbin:/bin:/usr/games:/usr/local/games:/snap/bin
USERNAME=pranav-pt5073
SHELL=/bin/bash
DISPLAY=:0
LANG=en_IN

Signal Handlers:
   SIGSEGV: crash_handler in libjvm.so, mask=11100100010111111101111111111110, flags=SA_RESTART|SA_SIGINFO
    SIGBUS: crash_handler in libjvm.so, mask=11100100010111111101111111111110, flags=SA_RESTART|SA_SIGINFO
    SIGFPE: crash_handler in libjvm.so, mask=11100100010111111101111111111110, flags=SA_RESTART|SA_SIGINFO
   SIGPIPE: javaSignalHandler in libjvm.so, mask=11100100010111111101111111111110, flags=SA_RESTART|SA_SIGINFO
   SIGXFSZ: javaSignalHandler in libjvm.so, mask=11100100010111111101111111111110, flags=SA_RESTART|SA_SIGINFO
    SIGILL: crash_handler in libjvm.so, mask=11100100010111111101111111111110, flags=SA_RESTART|SA_SIGINFO
   SIGUSR2: SR_handler in libjvm.so, mask=00100000000000000000000000000000, flags=SA_RESTART|SA_SIGINFO
    SIGHUP: UserHandler in libjvm.so, mask=11100100010111111101111111111110, flags=SA_RESTART|SA_SIGINFO
    SIGINT: UserHandler in libjvm.so, mask=11100100010111111101111111111110, flags=SA_RESTART|SA_SIGINFO
   SIGTERM: UserHandler in libjvm.so, mask=11100100010111111101111111111110, flags=SA_RESTART|SA_SIGINFO
   SIGQUIT: UserHandler in libjvm.so, mask=11100100010111111101111111111110, flags=SA_RESTART|SA_SIGINFO
   SIGTRAP: crash_handler in libjvm.so, mask=11100100010111111101111111111110, flags=SA_RESTART|SA_SIGINFO


---------------  S Y S T E M  ---------------

OS:
DISTRIB_ID=Ubuntu
DISTRIB_RELEASE=20.04
DISTRIB_CODENAME=focal
DISTRIB_DESCRIPTION="Ubuntu 20.04.6 LTS"
uname: Linux 5.14.0-1036-oem #40-Ubuntu SMP Mon May 9 09:15:08 UTC 2022 x86_64
OS uptime: 10 days 2:52 hours
libc: glibc 2.31 NPTL 2.31 
rlimit (soft/hard): STACK 8192k/infinity , CORE 0k/infinity , NPROC 62508/62508 , NOFILE 1048576/1048576 , AS infinity/infinity , CPU infinity/infinity , DATA infinity/infinity , FSIZE infinity/infinity , MEMLOCK 65536k/65536k
load average: 1.19 1.81 1.74

/proc/meminfo:
MemTotal:       16113280 kB
MemFree:          241936 kB
MemAvailable:    2877440 kB
Buffers:              36 kB
Cached:          3854224 kB
SwapCached:       520700 kB
Active:          6625112 kB
Inactive:        8172928 kB
Active(anon):    4546088 kB
Inactive(anon):  7434116 kB
Active(file):    2079024 kB
Inactive(file):   738812 kB
Unevictable:      182600 kB
Mlocked:             176 kB
SwapTotal:      16777212 kB
SwapFree:       12571676 kB
Dirty:             10816 kB
Writeback:             0 kB
AnonPages:      10834732 kB
Mapped:           609008 kB
Shmem:           1036332 kB
KReclaimable:     254064 kB
Slab:             539960 kB
SReclaimable:     254064 kB
SUnreclaim:       285896 kB
KernelStack:       41904 kB
PageTables:       122904 kB
NFS_Unstable:          0 kB
Bounce:                0 kB
WritebackTmp:          0 kB
CommitLimit:    24833852 kB
Committed_AS:   36363092 kB
VmallocTotal:   34359738367 kB
VmallocUsed:       93744 kB
VmallocChunk:          0 kB
Percpu:             8960 kB
HardwareCorrupted:     0 kB
AnonHugePages:         0 kB
ShmemHugePages:        0 kB
ShmemPmdMapped:        0 kB
FileHugePages:         0 kB
FilePmdMapped:         0 kB
HugePages_Total:       0
HugePages_Free:        0
HugePages_Rsvd:        0
HugePages_Surp:        0
Hugepagesize:       2048 kB
Hugetlb:               0 kB
DirectMap4k:     2812684 kB
DirectMap2M:    13684736 kB
DirectMap1G:     1048576 kB

/sys/kernel/mm/transparent_hugepage/enabled: always [madvise] never
/sys/kernel/mm/transparent_hugepage/defrag (defrag/compaction efforts parameter): always defer defer+madvise [madvise] never

Process Memory:
Virtual Size: 8986100K (peak: 9051636K)
Resident Set Size: 279648K (peak: 352188K) (anon: 266604K, file: 13044K, shmem: 0K)
Swapped out: 51692K
C-Heap outstanding allocations: 49306K

/proc/sys/kernel/threads-max (system-wide limit on the number of threads): 125017
/proc/sys/vm/max_map_count (maximum number of memory map areas a process may have): 65530
/proc/sys/kernel/pid_max (system-wide limit on number of process identifiers): 4194304

container (cgroup) information:
container_type: cgroupv1
cpu_cpuset_cpus: 0-7
cpu_memory_nodes: 0
active_processor_count: 8
cpu_quota: no quota
cpu_period: 100000
cpu_shares: no shares
memory_limit_in_bytes: unlimited
memory_and_swap_limit_in_bytes: unlimited
memory_soft_limit_in_bytes: unlimited
memory_usage_in_bytes: 14269149184
memory_max_usage_in_bytes: 15565881344

Steal ticks since vm start: 0
Steal ticks percentage since vm start:  0.000

CPU: total 8 (initial active 8) (4 cores per cpu, 2 threads per core) family 6 model 140 stepping 1 microcode 0xa6, cx8, cmov, fxsr, ht, mmx, 3dnowpref, sse, sse2, sse3, ssse3, sse4.1, sse4.2, popcnt, lzcnt, tsc, tscinvbit, avx, avx2, aes, erms, clmul, bmi1, bmi2, adx, avx512f, avx512dq, avx512cd, avx512bw, avx512vl, sha, fma, vzeroupper, avx512_vpopcntdq, avx512_vpclmulqdq, avx512_vaes, avx512_vnni, clflush, clflushopt, clwb, avx512_vbmi2, avx512_vbmi
CPU Model and flags from /proc/cpuinfo:
model name	: 11th Gen Intel(R) Core(TM) i7-1185G7 @ 3.00GHz
flags		: fpu vme de pse tsc msr pae mce cx8 apic sep mtrr pge mca cmov pat pse36 clflush dts acpi mmx fxsr sse sse2 ss ht tm pbe syscall nx pdpe1gb rdtscp lm constant_tsc art arch_perfmon pebs bts rep_good nopl xtopology nonstop_tsc cpuid aperfmperf tsc_known_freq pni pclmulqdq dtes64 monitor ds_cpl vmx smx est tm2 ssse3 sdbg fma cx16 xtpr pdcm pcid sse4_1 sse4_2 x2apic movbe popcnt tsc_deadline_timer aes xsave avx f16c rdrand lahf_lm abm 3dnowprefetch cpuid_fault epb cat_l2 invpcid_single cdp_l2 ssbd ibrs ibpb stibp ibrs_enhanced tpr_shadow vnmi flexpriority ept vpid ept_ad fsgsbase tsc_adjust bmi1 avx2 smep bmi2 erms invpcid rdt_a avx512f avx512dq rdseed adx smap avx512ifma clflushopt clwb intel_pt avx512cd sha_ni avx512bw avx512vl xsaveopt xsavec xgetbv1 xsaves split_lock_detect dtherm ida arat pln pts hwp hwp_notify hwp_act_window hwp_epp hwp_pkg_req avx512vbmi umip pku ospke avx512_vbmi2 gfni vaes vpclmulqdq avx512_vnni avx512_bitalg tme avx512_vpopcntdq rdpid movdiri movdir64b fsrm avx512_vp2intersect md_clear flush_l1d arch_capabilities

Online cpus: 0-7
Offline cpus: 
BIOS frequency limitation: <Not Available>
Frequency switch latency (ns): 0
Available cpu frequencies: <Not Available>
Current governor: powersave
Core performance/turbo boost: <Not Available>

Memory: 4k page, physical 16113280k(238912k free), swap 16777212k(12571676k free)
Page Sizes: 4k

vm_info: OpenJDK 64-Bit Server VM (17.0.2+8) for linux-amd64 JRE (17.0.2+8), built on Jan 20 2022 09:56:58 by "" with gcc 7.5.0

END.
